Sandbox logs:
{
  "sandboxLog": "{\"errorMessage\": \"name 'traderData' is not defined\", \"errorType\": \"NameError\", \"requestId\": \"11e5695d-5066-45e9-b0ab-7665e167878d\", \"stackTrace\": [\"  File \\\"/var/task/app.py\\\", line 31, in lambda_handler\\n    orders, conversion, traderData = trader.run(trading_state)\\n\", \"  File \\\"/var/task/trader.py\\\", line 158, in run\\n    logger.flush(state, result, conversions, traderData)\\n\"]}",
  "lambdaLog": "{\"errorMessage\": \"name 'traderData' is not defined\", \"errorType\": \"NameError\", \"requestId\": \"11e5695d-5066-45e9-b0ab-7665e167878d\", \"stackTrace\": [\"  File \\\"/var/task/app.py\\\", line 31, in lambda_handler\\n    orders, conversion, traderData = trader.run(trading_state)\\n\", \"  File \\\"/var/task/trader.py\\\", line 158, in run\\n    logger.flush(state, result, conversions, traderData)\\n\"]}",
  "timestamp": 0
}
{
  "sandboxLog": "{\"errorMessage\": \"name 'traderData' is not defined\", \"errorType\": \"NameError\", \"requestId\": \"27f29e94-7e1c-4110-b76c-1c3cef3a56f8\", \"stackTrace\": [\"  File \\\"/var/task/app.py\\\", line 31, in lambda_handler\\n    orders, conversion, traderData = trader.run(trading_state)\\n\", \"  File \\\"/var/task/trader.py\\\", line 158, in run\\n    logger.flush(state, result, conversions, traderData)\\n\"]}",
  "lambdaLog": "{\"errorMessage\": \"name 'traderData' is not defined\", \"errorType\": \"NameError\", \"requestId\": \"27f29e94-7e1c-4110-b76c-1c3cef3a56f8\", \"stackTrace\": [\"  File \\\"/var/task/app.py\\\", line 31, in lambda_handler\\n    orders, conversion, traderData = trader.run(trading_state)\\n\", \"  File \\\"/var/task/trader.py\\\", line 158, in run\\n    logger.flush(state, result, conversions, traderData)\\n\"]}",
  "timestamp": 100
}
{
  "sandboxLog": "{\"errorMessage\": \"name 'traderData' is not defined\", \"errorType\": \"NameError\", \"requestId\": \"e780e63c-0fc5-4470-a5b6-61a9c9be2f44\", \"stackTrace\": [\"  File \\\"/var/task/app.py\\\", line 31, in lambda_handler\\n    orders, conversion, traderData = trader.run(trading_state)\\n\", \"  File \\\"/var/task/trader.py\\\", line 158, in run\\n    logger.flush(state, result, conversions, traderData)\\n\"]}",
  "lambdaLog": "{\"errorMessage\": \"name 'traderData' is not defined\", \"errorType\": \"NameError\", \"requestId\": \"e780e63c-0fc5-4470-a5b6-61a9c9be2f44\", \"stackTrace\": [\"  File \\\"/var/task/app.py\\\", line 31, in lambda_handler\\n    orders, conversion, traderData = trader.run(trading_state)\\n\", \"  File \\\"/var/task/trader.py\\\", line 158, in run\\n    logger.flush(state, result, conversions, traderData)\\n\"]}",
  "timestamp": 200
}
{
  "sandboxLog": "{\"errorMessage\": \"name 'traderData' is not defined\", \"errorType\": \"NameError\", \"requestId\": \"beaf9168-2f4e-4f73-b439-3366a388dd35\", \"stackTrace\": [\"  File \\\"/var/task/app.py\\\", line 31, in lambda_handler\\n    orders, conversion, traderData = trader.run(trading_state)\\n\", \"  File \\\"/var/task/trader.py\\\", line 158, in run\\n    logger.flush(state, result, conversions, traderData)\\n\"]}",
  "lambdaLog": "{\"errorMessage\": \"name 'traderData' is not defined\", \"errorType\": \"NameError\", \"requestId\": \"beaf9168-2f4e-4f73-b439-3366a388dd35\", \"stackTrace\": [\"  File \\\"/var/task/app.py\\\", line 31, in lambda_handler\\n    orders, conversion, traderData = trader.run(trading_state)\\n\", \"  File \\\"/var/task/trader.py\\\", line 158, in run\\n    logger.flush(state, result, conversions, traderData)\\n\"]}",
  "timestamp": 300
}
{
  "sandboxLog": "{\"errorMessage\": \"name 'traderData' is not defined\", \"errorType\": \"NameError\", \"requestId\": \"8847d6d8-8093-45d7-ad15-b1d109c9728f\", \"stackTrace\": [\"  File \\\"/var/task/app.py\\\", line 31, in lambda_handler\\n    orders, conversion, traderData = trader.run(trading_state)\\n\", \"  File \\\"/var/task/trader.py\\\", line 158, in run\\n    logger.flush(state, result, conversions, traderData)\\n\"]}",
  "lambdaLog": "{\"errorMessage\": \"name 'traderData' is not defined\", \"errorType\": \"NameError\", \"requestId\": \"8847d6d8-8093-45d7-ad15-b1d109c9728f\", \"stackTrace\": [\"  File \\\"/var/task/app.py\\\", line 31, in lambda_handler\\n    orders, conversion, traderData = trader.run(trading_state)\\n\", \"  File \\\"/var/task/trader.py\\\", line 158, in run\\n    logger.flush(state, result, conversions, traderData)\\n\"]}",
  "timestamp": 400
}
{
  "sandboxLog": "{\"errorMessage\": \"name 'traderData' is not defined\", \"errorType\": \"NameError\", \"requestId\": \"59e593c4-63b5-4f73-8873-727c9aa77116\", \"stackTrace\": [\"  File \\\"/var/task/app.py\\\", line 31, in lambda_handler\\n    orders, conversion, traderData = trader.run(trading_state)\\n\", \"  File \\\"/var/task/trader.py\\\", line 158, in run\\n    logger.flush(state, result, conversions, traderData)\\n\"]}",
  "lambdaLog": "{\"errorMessage\": \"name 'traderData' is not defined\", \"errorType\": \"NameError\", \"requestId\": \"59e593c4-63b5-4f73-8873-727c9aa77116\", \"stackTrace\": [\"  File \\\"/var/task/app.py\\\", line 31, in lambda_handler\\n    orders, conversion, traderData = trader.run(trading_state)\\n\", \"  File \\\"/var/task/trader.py\\\", line 158, in run\\n    logger.flush(state, result, conversions, traderData)\\n\"]}",
  "timestamp": 500
}
{
  "sandboxLog": "{\"errorMessage\": \"name 'traderData' is not defined\", \"errorType\": \"NameError\", \"requestId\": \"c668ca9f-6cda-4780-8779-cabe27a94870\", \"stackTrace\": [\"  File \\\"/var/task/app.py\\\", line 31, in lambda_handler\\n    orders, conversion, traderData = trader.run(trading_state)\\n\", \"  File \\\"/var/task/trader.py\\\", line 158, in run\\n    logger.flush(state, result, conversions, traderData)\\n\"]}",
  "lambdaLog": "{\"errorMessage\": \"name 'traderData' is not defined\", \"errorType\": \"NameError\", \"requestId\": \"c668ca9f-6cda-4780-8779-cabe27a94870\", \"stackTrace\": [\"  File \\\"/var/task/app.py\\\", line 31, in lambda_handler\\n    orders, conversion, traderData = trader.run(trading_state)\\n\", \"  File \\\"/var/task/trader.py\\\", line 158, in run\\n    logger.flush(state, result, conversions, traderData)\\n\"]}",
  "timestamp": 600
}
{
  "sandboxLog": "{\"errorMessage\": \"name 'traderData' is not defined\", \"errorType\": \"NameError\", \"requestId\": \"474f797c-8d9c-433b-909d-125f8ff90555\", \"stackTrace\": [\"  File \\\"/var/task/app.py\\\", line 31, in lambda_handler\\n    orders, conversion, traderData = trader.run(trading_state)\\n\", \"  File \\\"/var/task/trader.py\\\", line 158, in run\\n    logger.flush(state, result, conversions, traderData)\\n\"]}",
  "lambdaLog": "{\"errorMessage\": \"name 'traderData' is not defined\", \"errorType\": \"NameError\", \"requestId\": \"474f797c-8d9c-433b-909d-125f8ff90555\", \"stackTrace\": [\"  File \\\"/var/task/app.py\\\", line 31, in lambda_handler\\n    orders, conversion, traderData = trader.run(trading_state)\\n\", \"  File \\\"/var/task/trader.py\\\", line 158, in run\\n    logger.flush(state, result, conversions, traderData)\\n\"]}",
  "timestamp": 700
}
{
  "sandboxLog": "{\"errorMessage\": \"name 'traderData' is not defined\", \"errorType\": \"NameError\", \"requestId\": \"6cccc908-b84f-4d5e-94df-6088fa5ca6f8\", \"stackTrace\": [\"  File \\\"/var/task/app.py\\\", line 31, in lambda_handler\\n    orders, conversion, traderData = trader.run(trading_state)\\n\", \"  File \\\"/var/task/trader.py\\\", line 158, in run\\n    logger.flush(state, result, conversions, traderData)\\n\"]}",
  "lambdaLog": "{\"errorMessage\": \"name 'traderData' is not defined\", \"errorType\": \"NameError\", \"requestId\": \"6cccc908-b84f-4d5e-94df-6088fa5ca6f8\", \"stackTrace\": [\"  File \\\"/var/task/app.py\\\", line 31, in lambda_handler\\n    orders, conversion, traderData = trader.run(trading_state)\\n\", \"  File \\\"/var/task/trader.py\\\", line 158, in run\\n    logger.flush(state, result, conversions, traderData)\\n\"]}",
  "timestamp": 800
}
{
  "sandboxLog": "{\"errorMessage\": \"name 'traderData' is not defined\", \"errorType\": \"NameError\", \"requestId\": \"b6f2655c-33bc-4297-921f-8e3059b0bc97\", \"stackTrace\": [\"  File \\\"/var/task/app.py\\\", line 31, in lambda_handler\\n    orders, conversion, traderData = trader.run(trading_state)\\n\", \"  File \\\"/var/task/trader.py\\\", line 158, in run\\n    logger.flush(state, result, conversions, traderData)\\n\"]}",
  "lambdaLog": "{\"errorMessage\": \"name 'traderData' is not defined\", \"errorType\": \"NameError\", \"requestId\": \"b6f2655c-33bc-4297-921f-8e3059b0bc97\", \"stackTrace\": [\"  File \\\"/var/task/app.py\\\", line 31, in lambda_handler\\n    orders, conversion, traderData = trader.run(trading_state)\\n\", \"  File \\\"/var/task/trader.py\\\", line 158, in run\\n    logger.flush(state, result, conversions, traderData)\\n\"]}",
  "timestamp": 900
}
{
  "sandboxLog": "{\"errorMessage\": \"name 'traderData' is not defined\", \"errorType\": \"NameError\", \"requestId\": \"fc445cff-bf01-4672-9148-79ea8223b4cb\", \"stackTrace\": [\"  File \\\"/var/task/app.py\\\", line 31, in lambda_handler\\n    orders, conversion, traderData = trader.run(trading_state)\\n\", \"  File \\\"/var/task/trader.py\\\", line 158, in run\\n    logger.flush(state, result, conversions, traderData)\\n\"]}",
  "lambdaLog": "{\"errorMessage\": \"name 'traderData' is not defined\", \"errorType\": \"NameError\", \"requestId\": \"fc445cff-bf01-4672-9148-79ea8223b4cb\", \"stackTrace\": [\"  File \\\"/var/task/app.py\\\", line 31, in lambda_handler\\n    orders, conversion, traderData = trader.run(trading_state)\\n\", \"  File \\\"/var/task/trader.py\\\", line 158, in run\\n    logger.flush(state, result, conversions, traderData)\\n\"]}",
  "timestamp": 1000
}
{
  "sandboxLog": "{\"errorMessage\": \"name 'traderData' is not defined\", \"errorType\": \"NameError\", \"requestId\": \"1f37abc1-584f-4dd1-b169-dbe97d86001c\", \"stackTrace\": [\"  File \\\"/var/task/app.py\\\", line 31, in lambda_handler\\n    orders, conversion, traderData = trader.run(trading_state)\\n\", \"  File \\\"/var/task/trader.py\\\", line 158, in run\\n    logger.flush(state, result, conversions, traderData)\\n\"]}",
  "lambdaLog": "{\"errorMessage\": \"name 'traderData' is not defined\", \"errorType\": \"NameError\", \"requestId\": \"1f37abc1-584f-4dd1-b169-dbe97d86001c\", \"stackTrace\": [\"  File \\\"/var/task/app.py\\\", line 31, in lambda_handler\\n    orders, conversion, traderData = trader.run(trading_state)\\n\", \"  File \\\"/var/task/trader.py\\\", line 158, in run\\n    logger.flush(state, result, conversions, traderData)\\n\"]}",
  "timestamp": 1100
}
{
  "sandboxLog": "{\"errorMessage\": \"name 'traderData' is not defined\", \"errorType\": \"NameError\", \"requestId\": \"76fc9fae-9ebc-4fd5-ac14-319f0824a530\", \"stackTrace\": [\"  File \\\"/var/task/app.py\\\", line 31, in lambda_handler\\n    orders, conversion, traderData = trader.run(trading_state)\\n\", \"  File \\\"/var/task/trader.py\\\", line 158, in run\\n    logger.flush(state, result, conversions, traderData)\\n\"]}",
  "lambdaLog": "{\"errorMessage\": \"name 'traderData' is not defined\", \"errorType\": \"NameError\", \"requestId\": \"76fc9fae-9ebc-4fd5-ac14-319f0824a530\", \"stackTrace\": [\"  File \\\"/var/task/app.py\\\", line 31, in lambda_handler\\n    orders, conversion, traderData = trader.run(trading_state)\\n\", \"  File \\\"/var/task/trader.py\\\", line 158, in run\\n    logger.flush(state, result, conversions, traderData)\\n\"]}",
  "timestamp": 1200
}
{
  "sandboxLog": "{\"errorMessage\": \"name 'traderData' is not defined\", \"errorType\": \"NameError\", \"requestId\": \"0721c399-83f7-4547-89c7-86c2cde7510f\", \"stackTrace\": [\"  File \\\"/var/task/app.py\\\", line 31, in lambda_handler\\n    orders, conversion, traderData = trader.run(trading_state)\\n\", \"  File \\\"/var/task/trader.py\\\", line 158, in run\\n    logger.flush(state, result, conversions, traderData)\\n\"]}",
  "lambdaLog": "{\"errorMessage\": \"name 'traderData' is not defined\", \"errorType\": \"NameError\", \"requestId\": \"0721c399-83f7-4547-89c7-86c2cde7510f\", \"stackTrace\": [\"  File \\\"/var/task/app.py\\\", line 31, in lambda_handler\\n    orders, conversion, traderData = trader.run(trading_state)\\n\", \"  File \\\"/var/task/trader.py\\\", line 158, in run\\n    logger.flush(state, result, conversions, traderData)\\n\"]}",
  "timestamp": 1300
}
{
  "sandboxLog": "{\"errorMessage\": \"name 'traderData' is not defined\", \"errorType\": \"NameError\", \"requestId\": \"6485ea79-0c72-4a31-8b62-cd41b64400d5\", \"stackTrace\": [\"  File \\\"/var/task/app.py\\\", line 31, in lambda_handler\\n    orders, conversion, traderData = trader.run(trading_state)\\n\", \"  File \\\"/var/task/trader.py\\\", line 158, in run\\n    logger.flush(state, result, conversions, traderData)\\n\"]}",
  "lambdaLog": "{\"errorMessage\": \"name 'traderData' is not defined\", \"errorType\": \"NameError\", \"requestId\": \"6485ea79-0c72-4a31-8b62-cd41b64400d5\", \"stackTrace\": [\"  File \\\"/var/task/app.py\\\", line 31, in lambda_handler\\n    orders, conversion, traderData = trader.run(trading_state)\\n\", \"  File \\\"/var/task/trader.py\\\", line 158, in run\\n    logger.flush(state, result, conversions, traderData)\\n\"]}",
  "timestamp": 1400
}
{
  "sandboxLog": "{\"errorMessage\": \"name 'traderData' is not defined\", \"errorType\": \"NameError\", \"requestId\": \"80113656-1c87-4e7c-bf22-065ded9f2dc1\", \"stackTrace\": [\"  File \\\"/var/task/app.py\\\", line 31, in lambda_handler\\n    orders, conversion, traderData = trader.run(trading_state)\\n\", \"  File \\\"/var/task/trader.py\\\", line 158, in run\\n    logger.flush(state, result, conversions, traderData)\\n\"]}",
  "lambdaLog": "{\"errorMessage\": \"name 'traderData' is not defined\", \"errorType\": \"NameError\", \"requestId\": \"80113656-1c87-4e7c-bf22-065ded9f2dc1\", \"stackTrace\": [\"  File \\\"/var/task/app.py\\\", line 31, in lambda_handler\\n    orders, conversion, traderData = trader.run(trading_state)\\n\", \"  File \\\"/var/task/trader.py\\\", line 158, in run\\n    logger.flush(state, result, conversions, traderData)\\n\"]}",
  "timestamp": 1500
}
{
  "sandboxLog": "{\"errorMessage\": \"name 'traderData' is not defined\", \"errorType\": \"NameError\", \"requestId\": \"89d92faa-45f5-42b6-9621-49a5ea076614\", \"stackTrace\": [\"  File \\\"/var/task/app.py\\\", line 31, in lambda_handler\\n    orders, conversion, traderData = trader.run(trading_state)\\n\", \"  File \\\"/var/task/trader.py\\\", line 158, in run\\n    logger.flush(state, result, conversions, traderData)\\n\"]}",
  "lambdaLog": "{\"errorMessage\": \"name 'traderData' is not defined\", \"errorType\": \"NameError\", \"requestId\": \"89d92faa-45f5-42b6-9621-49a5ea076614\", \"stackTrace\": [\"  File \\\"/var/task/app.py\\\", line 31, in lambda_handler\\n    orders, conversion, traderData = trader.run(trading_state)\\n\", \"  File \\\"/var/task/trader.py\\\", line 158, in run\\n    logger.flush(state, result, conversions, traderData)\\n\"]}",
  "timestamp": 1600
}
{
  "sandboxLog": "{\"errorMessage\": \"name 'traderData' is not defined\", \"errorType\": \"NameError\", \"requestId\": \"f285bf2e-7318-43e7-8c93-c462875a86b4\", \"stackTrace\": [\"  File \\\"/var/task/app.py\\\", line 31, in lambda_handler\\n    orders, conversion, traderData = trader.run(trading_state)\\n\", \"  File \\\"/var/task/trader.py\\\", line 158, in run\\n    logger.flush(state, result, conversions, traderData)\\n\"]}",
  "lambdaLog": "{\"errorMessage\": \"name 'traderData' is not defined\", \"errorType\": \"NameError\", \"requestId\": \"f285bf2e-7318-43e7-8c93-c462875a86b4\", \"stackTrace\": [\"  File \\\"/var/task/app.py\\\", line 31, in lambda_handler\\n    orders, conversion, traderData = trader.run(trading_state)\\n\", \"  File \\\"/var/task/trader.py\\\", line 158, in run\\n    logger.flush(state, result, conversions, traderData)\\n\"]}",
  "timestamp": 1700
}
{
  "sandboxLog": "{\"errorMessage\": \"name 'traderData' is not defined\", \"errorType\": \"NameError\", \"requestId\": \"6bc9ca54-e15f-4f16-bab5-e9c933769c0c\", \"stackTrace\": [\"  File \\\"/var/task/app.py\\\", line 31, in lambda_handler\\n    orders, conversion, traderData = trader.run(trading_state)\\n\", \"  File \\\"/var/task/trader.py\\\", line 158, in run\\n    logger.flush(state, result, conversions, traderData)\\n\"]}",
  "lambdaLog": "{\"errorMessage\": \"name 'traderData' is not defined\", \"errorType\": \"NameError\", \"requestId\": \"6bc9ca54-e15f-4f16-bab5-e9c933769c0c\", \"stackTrace\": [\"  File \\\"/var/task/app.py\\\", line 31, in lambda_handler\\n    orders, conversion, traderData = trader.run(trading_state)\\n\", \"  File \\\"/var/task/trader.py\\\", line 158, in run\\n    logger.flush(state, result, conversions, traderData)\\n\"]}",
  "timestamp": 1800
}
{
  "sandboxLog": "{\"errorMessage\": \"name 'traderData' is not defined\", \"errorType\": \"NameError\", \"requestId\": \"a4541505-e6e8-479f-afa5-44093ed600aa\", \"stackTrace\": [\"  File \\\"/var/task/app.py\\\", line 31, in lambda_handler\\n    orders, conversion, traderData = trader.run(trading_state)\\n\", \"  File \\\"/var/task/trader.py\\\", line 158, in run\\n    logger.flush(state, result, conversions, traderData)\\n\"]}",
  "lambdaLog": "{\"errorMessage\": \"name 'traderData' is not defined\", \"errorType\": \"NameError\", \"requestId\": \"a4541505-e6e8-479f-afa5-44093ed600aa\", \"stackTrace\": [\"  File \\\"/var/task/app.py\\\", line 31, in lambda_handler\\n    orders, conversion, traderData = trader.run(trading_state)\\n\", \"  File \\\"/var/task/trader.py\\\", line 158, in run\\n    logger.flush(state, result, conversions, traderData)\\n\"]}",
  "timestamp": 1900
}
{
  "sandboxLog": "{\"errorMessage\": \"name 'traderData' is not defined\", \"errorType\": \"NameError\", \"requestId\": \"f830d7c9-ddd3-4169-850d-ce15b03a01bb\", \"stackTrace\": [\"  File \\\"/var/task/app.py\\\", line 31, in lambda_handler\\n    orders, conversion, traderData = trader.run(trading_state)\\n\", \"  File \\\"/var/task/trader.py\\\", line 158, in run\\n    logger.flush(state, result, conversions, traderData)\\n\"]}",
  "lambdaLog": "{\"errorMessage\": \"name 'traderData' is not defined\", \"errorType\": \"NameError\", \"requestId\": \"f830d7c9-ddd3-4169-850d-ce15b03a01bb\", \"stackTrace\": [\"  File \\\"/var/task/app.py\\\", line 31, in lambda_handler\\n    orders, conversion, traderData = trader.run(trading_state)\\n\", \"  File \\\"/var/task/trader.py\\\", line 158, in run\\n    logger.flush(state, result, conversions, traderData)\\n\"]}",
  "timestamp": 2000
}
{
  "sandboxLog": "{\"errorMessage\": \"name 'traderData' is not defined\", \"errorType\": \"NameError\", \"requestId\": \"aa0740c9-338a-4f09-85e5-ac6313ef88c0\", \"stackTrace\": [\"  File \\\"/var/task/app.py\\\", line 31, in lambda_handler\\n    orders, conversion, traderData = trader.run(trading_state)\\n\", \"  File \\\"/var/task/trader.py\\\", line 158, in run\\n    logger.flush(state, result, conversions, traderData)\\n\"]}",
  "lambdaLog": "{\"errorMessage\": \"name 'traderData' is not defined\", \"errorType\": \"NameError\", \"requestId\": \"aa0740c9-338a-4f09-85e5-ac6313ef88c0\", \"stackTrace\": [\"  File \\\"/var/task/app.py\\\", line 31, in lambda_handler\\n    orders, conversion, traderData = trader.run(trading_state)\\n\", \"  File \\\"/var/task/trader.py\\\", line 158, in run\\n    logger.flush(state, result, conversions, traderData)\\n\"]}",
  "timestamp": 2100
}
{
  "sandboxLog": "{\"errorMessage\": \"name 'traderData' is not defined\", \"errorType\": \"NameError\", \"requestId\": \"952b1e6a-400a-4bd2-b866-2fad56927fa3\", \"stackTrace\": [\"  File \\\"/var/task/app.py\\\", line 31, in lambda_handler\\n    orders, conversion, traderData = trader.run(trading_state)\\n\", \"  File \\\"/var/task/trader.py\\\", line 158, in run\\n    logger.flush(state, result, conversions, traderData)\\n\"]}",
  "lambdaLog": "{\"errorMessage\": \"name 'traderData' is not defined\", \"errorType\": \"NameError\", \"requestId\": \"952b1e6a-400a-4bd2-b866-2fad56927fa3\", \"stackTrace\": [\"  File \\\"/var/task/app.py\\\", line 31, in lambda_handler\\n    orders, conversion, traderData = trader.run(trading_state)\\n\", \"  File \\\"/var/task/trader.py\\\", line 158, in run\\n    logger.flush(state, result, conversions, traderData)\\n\"]}",
  "timestamp": 2200
}
{
  "sandboxLog": "{\"errorMessage\": \"name 'traderData' is not defined\", \"errorType\": \"NameError\", \"requestId\": \"968d5655-8563-415c-adcb-19817801e1a6\", \"stackTrace\": [\"  File \\\"/var/task/app.py\\\", line 31, in lambda_handler\\n    orders, conversion, traderData = trader.run(trading_state)\\n\", \"  File \\\"/var/task/trader.py\\\", line 158, in run\\n    logger.flush(state, result, conversions, traderData)\\n\"]}",
  "lambdaLog": "{\"errorMessage\": \"name 'traderData' is not defined\", \"errorType\": \"NameError\", \"requestId\": \"968d5655-8563-415c-adcb-19817801e1a6\", \"stackTrace\": [\"  File \\\"/var/task/app.py\\\", line 31, in lambda_handler\\n    orders, conversion, traderData = trader.run(trading_state)\\n\", \"  File \\\"/var/task/trader.py\\\", line 158, in run\\n    logger.flush(state, result, conversions, traderData)\\n\"]}",
  "timestamp": 2300
}
{
  "sandboxLog": "{\"errorMessage\": \"name 'traderData' is not defined\", \"errorType\": \"NameError\", \"requestId\": \"c7920dc1-5327-4f65-b29b-13a6a07cb95d\", \"stackTrace\": [\"  File \\\"/var/task/app.py\\\", line 31, in lambda_handler\\n    orders, conversion, traderData = trader.run(trading_state)\\n\", \"  File \\\"/var/task/trader.py\\\", line 158, in run\\n    logger.flush(state, result, conversions, traderData)\\n\"]}",
  "lambdaLog": "{\"errorMessage\": \"name 'traderData' is not defined\", \"errorType\": \"NameError\", \"requestId\": \"c7920dc1-5327-4f65-b29b-13a6a07cb95d\", \"stackTrace\": [\"  File \\\"/var/task/app.py\\\", line 31, in lambda_handler\\n    orders, conversion, traderData = trader.run(trading_state)\\n\", \"  File \\\"/var/task/trader.py\\\", line 158, in run\\n    logger.flush(state, result, conversions, traderData)\\n\"]}",
  "timestamp": 2400
}
{
  "sandboxLog": "{\"errorMessage\": \"name 'traderData' is not defined\", \"errorType\": \"NameError\", \"requestId\": \"642c1fd6-b9a5-4d4e-8733-0bb184a7dcf9\", \"stackTrace\": [\"  File \\\"/var/task/app.py\\\", line 31, in lambda_handler\\n    orders, conversion, traderData = trader.run(trading_state)\\n\", \"  File \\\"/var/task/trader.py\\\", line 158, in run\\n    logger.flush(state, result, conversions, traderData)\\n\"]}",
  "lambdaLog": "{\"errorMessage\": \"name 'traderData' is not defined\", \"errorType\": \"NameError\", \"requestId\": \"642c1fd6-b9a5-4d4e-8733-0bb184a7dcf9\", \"stackTrace\": [\"  File \\\"/var/task/app.py\\\", line 31, in lambda_handler\\n    orders, conversion, traderData = trader.run(trading_state)\\n\", \"  File \\\"/var/task/trader.py\\\", line 158, in run\\n    logger.flush(state, result, conversions, traderData)\\n\"]}",
  "timestamp": 2500
}
{
  "sandboxLog": "{\"errorMessage\": \"name 'traderData' is not defined\", \"errorType\": \"NameError\", \"requestId\": \"d8578044-65f5-47b5-be22-537ae9f4f7f7\", \"stackTrace\": [\"  File \\\"/var/task/app.py\\\", line 31, in lambda_handler\\n    orders, conversion, traderData = trader.run(trading_state)\\n\", \"  File \\\"/var/task/trader.py\\\", line 158, in run\\n    logger.flush(state, result, conversions, traderData)\\n\"]}",
  "lambdaLog": "{\"errorMessage\": \"name 'traderData' is not defined\", \"errorType\": \"NameError\", \"requestId\": \"d8578044-65f5-47b5-be22-537ae9f4f7f7\", \"stackTrace\": [\"  File \\\"/var/task/app.py\\\", line 31, in lambda_handler\\n    orders, conversion, traderData = trader.run(trading_state)\\n\", \"  File \\\"/var/task/trader.py\\\", line 158, in run\\n    logger.flush(state, result, conversions, traderData)\\n\"]}",
  "timestamp": 2600
}
{
  "sandboxLog": "{\"errorMessage\": \"name 'traderData' is not defined\", \"errorType\": \"NameError\", \"requestId\": \"da6a2dbf-32ef-456f-9405-4da66f1ca6c0\", \"stackTrace\": [\"  File \\\"/var/task/app.py\\\", line 31, in lambda_handler\\n    orders, conversion, traderData = trader.run(trading_state)\\n\", \"  File \\\"/var/task/trader.py\\\", line 158, in run\\n    logger.flush(state, result, conversions, traderData)\\n\"]}",
  "lambdaLog": "{\"errorMessage\": \"name 'traderData' is not defined\", \"errorType\": \"NameError\", \"requestId\": \"da6a2dbf-32ef-456f-9405-4da66f1ca6c0\", \"stackTrace\": [\"  File \\\"/var/task/app.py\\\", line 31, in lambda_handler\\n    orders, conversion, traderData = trader.run(trading_state)\\n\", \"  File \\\"/var/task/trader.py\\\", line 158, in run\\n    logger.flush(state, result, conversions, traderData)\\n\"]}",
  "timestamp": 2700
}
{
  "sandboxLog": "{\"errorMessage\": \"name 'traderData' is not defined\", \"errorType\": \"NameError\", \"requestId\": \"d9237fc4-fe65-419a-8413-e174a993cdcc\", \"stackTrace\": [\"  File \\\"/var/task/app.py\\\", line 31, in lambda_handler\\n    orders, conversion, traderData = trader.run(trading_state)\\n\", \"  File \\\"/var/task/trader.py\\\", line 158, in run\\n    logger.flush(state, result, conversions, traderData)\\n\"]}",
  "lambdaLog": "{\"errorMessage\": \"name 'traderData' is not defined\", \"errorType\": \"NameError\", \"requestId\": \"d9237fc4-fe65-419a-8413-e174a993cdcc\", \"stackTrace\": [\"  File \\\"/var/task/app.py\\\", line 31, in lambda_handler\\n    orders, conversion, traderData = trader.run(trading_state)\\n\", \"  File \\\"/var/task/trader.py\\\", line 158, in run\\n    logger.flush(state, result, conversions, traderData)\\n\"]}",
  "timestamp": 2800
}
{
  "sandboxLog": "{\"errorMessage\": \"name 'traderData' is not defined\", \"errorType\": \"NameError\", \"requestId\": \"b1464a79-0dd2-461f-84c8-1a3294bbe76d\", \"stackTrace\": [\"  File \\\"/var/task/app.py\\\", line 31, in lambda_handler\\n    orders, conversion, traderData = trader.run(trading_state)\\n\", \"  File \\\"/var/task/trader.py\\\", line 158, in run\\n    logger.flush(state, result, conversions, traderData)\\n\"]}",
  "lambdaLog": "{\"errorMessage\": \"name 'traderData' is not defined\", \"errorType\": \"NameError\", \"requestId\": \"b1464a79-0dd2-461f-84c8-1a3294bbe76d\", \"stackTrace\": [\"  File \\\"/var/task/app.py\\\", line 31, in lambda_handler\\n    orders, conversion, traderData = trader.run(trading_state)\\n\", \"  File \\\"/var/task/trader.py\\\", line 158, in run\\n    logger.flush(state, result, conversions, traderData)\\n\"]}",
  "timestamp": 2900
}
{
  "sandboxLog": "{\"errorMessage\": \"name 'traderData' is not defined\", \"errorType\": \"NameError\", \"requestId\": \"dfd99063-d126-449a-8728-1e20c01c58f8\", \"stackTrace\": [\"  File \\\"/var/task/app.py\\\", line 31, in lambda_handler\\n    orders, conversion, traderData = trader.run(trading_state)\\n\", \"  File \\\"/var/task/trader.py\\\", line 158, in run\\n    logger.flush(state, result, conversions, traderData)\\n\"]}",
  "lambdaLog": "{\"errorMessage\": \"name 'traderData' is not defined\", \"errorType\": \"NameError\", \"requestId\": \"dfd99063-d126-449a-8728-1e20c01c58f8\", \"stackTrace\": [\"  File \\\"/var/task/app.py\\\", line 31, in lambda_handler\\n    orders, conversion, traderData = trader.run(trading_state)\\n\", \"  File \\\"/var/task/trader.py\\\", line 158, in run\\n    logger.flush(state, result, conversions, traderData)\\n\"]}",
  "timestamp": 3000
}
{
  "sandboxLog": "{\"errorMessage\": \"name 'traderData' is not defined\", \"errorType\": \"NameError\", \"requestId\": \"7a126d0b-cbbc-449d-a51b-4ca00903a1e1\", \"stackTrace\": [\"  File \\\"/var/task/app.py\\\", line 31, in lambda_handler\\n    orders, conversion, traderData = trader.run(trading_state)\\n\", \"  File \\\"/var/task/trader.py\\\", line 158, in run\\n    logger.flush(state, result, conversions, traderData)\\n\"]}",
  "lambdaLog": "{\"errorMessage\": \"name 'traderData' is not defined\", \"errorType\": \"NameError\", \"requestId\": \"7a126d0b-cbbc-449d-a51b-4ca00903a1e1\", \"stackTrace\": [\"  File \\\"/var/task/app.py\\\", line 31, in lambda_handler\\n    orders, conversion, traderData = trader.run(trading_state)\\n\", \"  File \\\"/var/task/trader.py\\\", line 158, in run\\n    logger.flush(state, result, conversions, traderData)\\n\"]}",
  "timestamp": 3100
}
{
  "sandboxLog": "{\"errorMessage\": \"name 'traderData' is not defined\", \"errorType\": \"NameError\", \"requestId\": \"7353275c-f7bf-43da-97bb-6e2aa48c9585\", \"stackTrace\": [\"  File \\\"/var/task/app.py\\\", line 31, in lambda_handler\\n    orders, conversion, traderData = trader.run(trading_state)\\n\", \"  File \\\"/var/task/trader.py\\\", line 158, in run\\n    logger.flush(state, result, conversions, traderData)\\n\"]}",
  "lambdaLog": "{\"errorMessage\": \"name 'traderData' is not defined\", \"errorType\": \"NameError\", \"requestId\": \"7353275c-f7bf-43da-97bb-6e2aa48c9585\", \"stackTrace\": [\"  File \\\"/var/task/app.py\\\", line 31, in lambda_handler\\n    orders, conversion, traderData = trader.run(trading_state)\\n\", \"  File \\\"/var/task/trader.py\\\", line 158, in run\\n    logger.flush(state, result, conversions, traderData)\\n\"]}",
  "timestamp": 3200
}
{
  "sandboxLog": "{\"errorMessage\": \"name 'traderData' is not defined\", \"errorType\": \"NameError\", \"requestId\": \"b65714e1-b853-4eba-b7ef-3f91b09c8ee6\", \"stackTrace\": [\"  File \\\"/var/task/app.py\\\", line 31, in lambda_handler\\n    orders, conversion, traderData = trader.run(trading_state)\\n\", \"  File \\\"/var/task/trader.py\\\", line 158, in run\\n    logger.flush(state, result, conversions, traderData)\\n\"]}",
  "lambdaLog": "{\"errorMessage\": \"name 'traderData' is not defined\", \"errorType\": \"NameError\", \"requestId\": \"b65714e1-b853-4eba-b7ef-3f91b09c8ee6\", \"stackTrace\": [\"  File \\\"/var/task/app.py\\\", line 31, in lambda_handler\\n    orders, conversion, traderData = trader.run(trading_state)\\n\", \"  File \\\"/var/task/trader.py\\\", line 158, in run\\n    logger.flush(state, result, conversions, traderData)\\n\"]}",
  "timestamp": 3300
}
{
  "sandboxLog": "{\"errorMessage\": \"name 'traderData' is not defined\", \"errorType\": \"NameError\", \"requestId\": \"1206e583-ebef-4cf3-bf3b-133889e7cd1a\", \"stackTrace\": [\"  File \\\"/var/task/app.py\\\", line 31, in lambda_handler\\n    orders, conversion, traderData = trader.run(trading_state)\\n\", \"  File \\\"/var/task/trader.py\\\", line 158, in run\\n    logger.flush(state, result, conversions, traderData)\\n\"]}",
  "lambdaLog": "{\"errorMessage\": \"name 'traderData' is not defined\", \"errorType\": \"NameError\", \"requestId\": \"1206e583-ebef-4cf3-bf3b-133889e7cd1a\", \"stackTrace\": [\"  File \\\"/var/task/app.py\\\", line 31, in lambda_handler\\n    orders, conversion, traderData = trader.run(trading_state)\\n\", \"  File \\\"/var/task/trader.py\\\", line 158, in run\\n    logger.flush(state, result, conversions, traderData)\\n\"]}",
  "timestamp": 3400
}
{
  "sandboxLog": "{\"errorMessage\": \"name 'traderData' is not defined\", \"errorType\": \"NameError\", \"requestId\": \"9e7ba329-3b02-471e-bc57-ddee1374f319\", \"stackTrace\": [\"  File \\\"/var/task/app.py\\\", line 31, in lambda_handler\\n    orders, conversion, traderData = trader.run(trading_state)\\n\", \"  File \\\"/var/task/trader.py\\\", line 158, in run\\n    logger.flush(state, result, conversions, traderData)\\n\"]}",
  "lambdaLog": "{\"errorMessage\": \"name 'traderData' is not defined\", \"errorType\": \"NameError\", \"requestId\": \"9e7ba329-3b02-471e-bc57-ddee1374f319\", \"stackTrace\": [\"  File \\\"/var/task/app.py\\\", line 31, in lambda_handler\\n    orders, conversion, traderData = trader.run(trading_state)\\n\", \"  File \\\"/var/task/trader.py\\\", line 158, in run\\n    logger.flush(state, result, conversions, traderData)\\n\"]}",
  "timestamp": 3500
}
{
  "sandboxLog": "{\"errorMessage\": \"name 'traderData' is not defined\", \"errorType\": \"NameError\", \"requestId\": \"a635853e-ac09-4861-846f-c5432d263428\", \"stackTrace\": [\"  File \\\"/var/task/app.py\\\", line 31, in lambda_handler\\n    orders, conversion, traderData = trader.run(trading_state)\\n\", \"  File \\\"/var/task/trader.py\\\", line 158, in run\\n    logger.flush(state, result, conversions, traderData)\\n\"]}",
  "lambdaLog": "{\"errorMessage\": \"name 'traderData' is not defined\", \"errorType\": \"NameError\", \"requestId\": \"a635853e-ac09-4861-846f-c5432d263428\", \"stackTrace\": [\"  File \\\"/var/task/app.py\\\", line 31, in lambda_handler\\n    orders, conversion, traderData = trader.run(trading_state)\\n\", \"  File \\\"/var/task/trader.py\\\", line 158, in run\\n    logger.flush(state, result, conversions, traderData)\\n\"]}",
  "timestamp": 3600
}
{
  "sandboxLog": "{\"errorMessage\": \"name 'traderData' is not defined\", \"errorType\": \"NameError\", \"requestId\": \"157849ef-0916-4a12-a887-95da2e8d5a16\", \"stackTrace\": [\"  File \\\"/var/task/app.py\\\", line 31, in lambda_handler\\n    orders, conversion, traderData = trader.run(trading_state)\\n\", \"  File \\\"/var/task/trader.py\\\", line 158, in run\\n    logger.flush(state, result, conversions, traderData)\\n\"]}",
  "lambdaLog": "{\"errorMessage\": \"name 'traderData' is not defined\", \"errorType\": \"NameError\", \"requestId\": \"157849ef-0916-4a12-a887-95da2e8d5a16\", \"stackTrace\": [\"  File \\\"/var/task/app.py\\\", line 31, in lambda_handler\\n    orders, conversion, traderData = trader.run(trading_state)\\n\", \"  File \\\"/var/task/trader.py\\\", line 158, in run\\n    logger.flush(state, result, conversions, traderData)\\n\"]}",
  "timestamp": 3700
}
{
  "sandboxLog": "{\"errorMessage\": \"name 'traderData' is not defined\", \"errorType\": \"NameError\", \"requestId\": \"8c8273d0-8b29-4131-a0c4-6d3a02dca082\", \"stackTrace\": [\"  File \\\"/var/task/app.py\\\", line 31, in lambda_handler\\n    orders, conversion, traderData = trader.run(trading_state)\\n\", \"  File \\\"/var/task/trader.py\\\", line 158, in run\\n    logger.flush(state, result, conversions, traderData)\\n\"]}",
  "lambdaLog": "{\"errorMessage\": \"name 'traderData' is not defined\", \"errorType\": \"NameError\", \"requestId\": \"8c8273d0-8b29-4131-a0c4-6d3a02dca082\", \"stackTrace\": [\"  File \\\"/var/task/app.py\\\", line 31, in lambda_handler\\n    orders, conversion, traderData = trader.run(trading_state)\\n\", \"  File \\\"/var/task/trader.py\\\", line 158, in run\\n    logger.flush(state, result, conversions, traderData)\\n\"]}",
  "timestamp": 3800
}
{
  "sandboxLog": "{\"errorMessage\": \"name 'traderData' is not defined\", \"errorType\": \"NameError\", \"requestId\": \"48f4ac84-f49b-461f-b72c-8937cf2990cd\", \"stackTrace\": [\"  File \\\"/var/task/app.py\\\", line 31, in lambda_handler\\n    orders, conversion, traderData = trader.run(trading_state)\\n\", \"  File \\\"/var/task/trader.py\\\", line 158, in run\\n    logger.flush(state, result, conversions, traderData)\\n\"]}",
  "lambdaLog": "{\"errorMessage\": \"name 'traderData' is not defined\", \"errorType\": \"NameError\", \"requestId\": \"48f4ac84-f49b-461f-b72c-8937cf2990cd\", \"stackTrace\": [\"  File \\\"/var/task/app.py\\\", line 31, in lambda_handler\\n    orders, conversion, traderData = trader.run(trading_state)\\n\", \"  File \\\"/var/task/trader.py\\\", line 158, in run\\n    logger.flush(state, result, conversions, traderData)\\n\"]}",
  "timestamp": 3900
}
{
  "sandboxLog": "{\"errorMessage\": \"name 'traderData' is not defined\", \"errorType\": \"NameError\", \"requestId\": \"857da858-1587-4d29-9ac7-b8a14b9a0417\", \"stackTrace\": [\"  File \\\"/var/task/app.py\\\", line 31, in lambda_handler\\n    orders, conversion, traderData = trader.run(trading_state)\\n\", \"  File \\\"/var/task/trader.py\\\", line 158, in run\\n    logger.flush(state, result, conversions, traderData)\\n\"]}",
  "lambdaLog": "{\"errorMessage\": \"name 'traderData' is not defined\", \"errorType\": \"NameError\", \"requestId\": \"857da858-1587-4d29-9ac7-b8a14b9a0417\", \"stackTrace\": [\"  File \\\"/var/task/app.py\\\", line 31, in lambda_handler\\n    orders, conversion, traderData = trader.run(trading_state)\\n\", \"  File \\\"/var/task/trader.py\\\", line 158, in run\\n    logger.flush(state, result, conversions, traderData)\\n\"]}",
  "timestamp": 4000
}
{
  "sandboxLog": "{\"errorMessage\": \"name 'traderData' is not defined\", \"errorType\": \"NameError\", \"requestId\": \"edf87fb4-b007-4399-8af7-79139739e4fa\", \"stackTrace\": [\"  File \\\"/var/task/app.py\\\", line 31, in lambda_handler\\n    orders, conversion, traderData = trader.run(trading_state)\\n\", \"  File \\\"/var/task/trader.py\\\", line 158, in run\\n    logger.flush(state, result, conversions, traderData)\\n\"]}",
  "lambdaLog": "{\"errorMessage\": \"name 'traderData' is not defined\", \"errorType\": \"NameError\", \"requestId\": \"edf87fb4-b007-4399-8af7-79139739e4fa\", \"stackTrace\": [\"  File \\\"/var/task/app.py\\\", line 31, in lambda_handler\\n    orders, conversion, traderData = trader.run(trading_state)\\n\", \"  File \\\"/var/task/trader.py\\\", line 158, in run\\n    logger.flush(state, result, conversions, traderData)\\n\"]}",
  "timestamp": 4100
}
{
  "sandboxLog": "{\"errorMessage\": \"name 'traderData' is not defined\", \"errorType\": \"NameError\", \"requestId\": \"6e9b82ad-bd3d-4f2f-8bec-4e4d5e2bfc72\", \"stackTrace\": [\"  File \\\"/var/task/app.py\\\", line 31, in lambda_handler\\n    orders, conversion, traderData = trader.run(trading_state)\\n\", \"  File \\\"/var/task/trader.py\\\", line 158, in run\\n    logger.flush(state, result, conversions, traderData)\\n\"]}",
  "lambdaLog": "{\"errorMessage\": \"name 'traderData' is not defined\", \"errorType\": \"NameError\", \"requestId\": \"6e9b82ad-bd3d-4f2f-8bec-4e4d5e2bfc72\", \"stackTrace\": [\"  File \\\"/var/task/app.py\\\", line 31, in lambda_handler\\n    orders, conversion, traderData = trader.run(trading_state)\\n\", \"  File \\\"/var/task/trader.py\\\", line 158, in run\\n    logger.flush(state, result, conversions, traderData)\\n\"]}",
  "timestamp": 4200
}
{
  "sandboxLog": "{\"errorMessage\": \"name 'traderData' is not defined\", \"errorType\": \"NameError\", \"requestId\": \"f97ff8b5-65c1-486a-ad20-7a656ae95bd1\", \"stackTrace\": [\"  File \\\"/var/task/app.py\\\", line 31, in lambda_handler\\n    orders, conversion, traderData = trader.run(trading_state)\\n\", \"  File \\\"/var/task/trader.py\\\", line 158, in run\\n    logger.flush(state, result, conversions, traderData)\\n\"]}",
  "lambdaLog": "{\"errorMessage\": \"name 'traderData' is not defined\", \"errorType\": \"NameError\", \"requestId\": \"f97ff8b5-65c1-486a-ad20-7a656ae95bd1\", \"stackTrace\": [\"  File \\\"/var/task/app.py\\\", line 31, in lambda_handler\\n    orders, conversion, traderData = trader.run(trading_state)\\n\", \"  File \\\"/var/task/trader.py\\\", line 158, in run\\n    logger.flush(state, result, conversions, traderData)\\n\"]}",
  "timestamp": 4300
}
{
  "sandboxLog": "{\"errorMessage\": \"name 'traderData' is not defined\", \"errorType\": \"NameError\", \"requestId\": \"a1a27889-d564-4298-af52-cf12791cb2aa\", \"stackTrace\": [\"  File \\\"/var/task/app.py\\\", line 31, in lambda_handler\\n    orders, conversion, traderData = trader.run(trading_state)\\n\", \"  File \\\"/var/task/trader.py\\\", line 158, in run\\n    logger.flush(state, result, conversions, traderData)\\n\"]}",
  "lambdaLog": "{\"errorMessage\": \"name 'traderData' is not defined\", \"errorType\": \"NameError\", \"requestId\": \"a1a27889-d564-4298-af52-cf12791cb2aa\", \"stackTrace\": [\"  File \\\"/var/task/app.py\\\", line 31, in lambda_handler\\n    orders, conversion, traderData = trader.run(trading_state)\\n\", \"  File \\\"/var/task/trader.py\\\", line 158, in run\\n    logger.flush(state, result, conversions, traderData)\\n\"]}",
  "timestamp": 4400
}
{
  "sandboxLog": "{\"errorMessage\": \"name 'traderData' is not defined\", \"errorType\": \"NameError\", \"requestId\": \"26e1e389-6e13-451f-81a0-e9bbe28b624a\", \"stackTrace\": [\"  File \\\"/var/task/app.py\\\", line 31, in lambda_handler\\n    orders, conversion, traderData = trader.run(trading_state)\\n\", \"  File \\\"/var/task/trader.py\\\", line 158, in run\\n    logger.flush(state, result, conversions, traderData)\\n\"]}",
  "lambdaLog": "{\"errorMessage\": \"name 'traderData' is not defined\", \"errorType\": \"NameError\", \"requestId\": \"26e1e389-6e13-451f-81a0-e9bbe28b624a\", \"stackTrace\": [\"  File \\\"/var/task/app.py\\\", line 31, in lambda_handler\\n    orders, conversion, traderData = trader.run(trading_state)\\n\", \"  File \\\"/var/task/trader.py\\\", line 158, in run\\n    logger.flush(state, result, conversions, traderData)\\n\"]}",
  "timestamp": 4500
}
{
  "sandboxLog": "{\"errorMessage\": \"name 'traderData' is not defined\", \"errorType\": \"NameError\", \"requestId\": \"75c26eb9-700e-4c43-bdca-ca212a849f2f\", \"stackTrace\": [\"  File \\\"/var/task/app.py\\\", line 31, in lambda_handler\\n    orders, conversion, traderData = trader.run(trading_state)\\n\", \"  File \\\"/var/task/trader.py\\\", line 158, in run\\n    logger.flush(state, result, conversions, traderData)\\n\"]}",
  "lambdaLog": "{\"errorMessage\": \"name 'traderData' is not defined\", \"errorType\": \"NameError\", \"requestId\": \"75c26eb9-700e-4c43-bdca-ca212a849f2f\", \"stackTrace\": [\"  File \\\"/var/task/app.py\\\", line 31, in lambda_handler\\n    orders, conversion, traderData = trader.run(trading_state)\\n\", \"  File \\\"/var/task/trader.py\\\", line 158, in run\\n    logger.flush(state, result, conversions, traderData)\\n\"]}",
  "timestamp": 4600
}
{
  "sandboxLog": "{\"errorMessage\": \"name 'traderData' is not defined\", \"errorType\": \"NameError\", \"requestId\": \"f29af4db-d826-4d09-a07b-5577813282b9\", \"stackTrace\": [\"  File \\\"/var/task/app.py\\\", line 31, in lambda_handler\\n    orders, conversion, traderData = trader.run(trading_state)\\n\", \"  File \\\"/var/task/trader.py\\\", line 158, in run\\n    logger.flush(state, result, conversions, traderData)\\n\"]}",
  "lambdaLog": "{\"errorMessage\": \"name 'traderData' is not defined\", \"errorType\": \"NameError\", \"requestId\": \"f29af4db-d826-4d09-a07b-5577813282b9\", \"stackTrace\": [\"  File \\\"/var/task/app.py\\\", line 31, in lambda_handler\\n    orders, conversion, traderData = trader.run(trading_state)\\n\", \"  File \\\"/var/task/trader.py\\\", line 158, in run\\n    logger.flush(state, result, conversions, traderData)\\n\"]}",
  "timestamp": 4700
}
{
  "sandboxLog": "{\"errorMessage\": \"name 'traderData' is not defined\", \"errorType\": \"NameError\", \"requestId\": \"d93b3a0b-5eee-4bcc-9be5-19635fdb8e99\", \"stackTrace\": [\"  File \\\"/var/task/app.py\\\", line 31, in lambda_handler\\n    orders, conversion, traderData = trader.run(trading_state)\\n\", \"  File \\\"/var/task/trader.py\\\", line 158, in run\\n    logger.flush(state, result, conversions, traderData)\\n\"]}",
  "lambdaLog": "{\"errorMessage\": \"name 'traderData' is not defined\", \"errorType\": \"NameError\", \"requestId\": \"d93b3a0b-5eee-4bcc-9be5-19635fdb8e99\", \"stackTrace\": [\"  File \\\"/var/task/app.py\\\", line 31, in lambda_handler\\n    orders, conversion, traderData = trader.run(trading_state)\\n\", \"  File \\\"/var/task/trader.py\\\", line 158, in run\\n    logger.flush(state, result, conversions, traderData)\\n\"]}",
  "timestamp": 4800
}
{
  "sandboxLog": "{\"errorMessage\": \"name 'traderData' is not defined\", \"errorType\": \"NameError\", \"requestId\": \"15720e53-b2fc-4a9f-ad61-98bc60373629\", \"stackTrace\": [\"  File \\\"/var/task/app.py\\\", line 31, in lambda_handler\\n    orders, conversion, traderData = trader.run(trading_state)\\n\", \"  File \\\"/var/task/trader.py\\\", line 158, in run\\n    logger.flush(state, result, conversions, traderData)\\n\"]}",
  "lambdaLog": "{\"errorMessage\": \"name 'traderData' is not defined\", \"errorType\": \"NameError\", \"requestId\": \"15720e53-b2fc-4a9f-ad61-98bc60373629\", \"stackTrace\": [\"  File \\\"/var/task/app.py\\\", line 31, in lambda_handler\\n    orders, conversion, traderData = trader.run(trading_state)\\n\", \"  File \\\"/var/task/trader.py\\\", line 158, in run\\n    logger.flush(state, result, conversions, traderData)\\n\"]}",
  "timestamp": 4900
}
{
  "sandboxLog": "{\"errorMessage\": \"name 'traderData' is not defined\", \"errorType\": \"NameError\", \"requestId\": \"7067f2a2-1388-4293-b2d7-10a280a3cb69\", \"stackTrace\": [\"  File \\\"/var/task/app.py\\\", line 31, in lambda_handler\\n    orders, conversion, traderData = trader.run(trading_state)\\n\", \"  File \\\"/var/task/trader.py\\\", line 158, in run\\n    logger.flush(state, result, conversions, traderData)\\n\"]}",
  "lambdaLog": "{\"errorMessage\": \"name 'traderData' is not defined\", \"errorType\": \"NameError\", \"requestId\": \"7067f2a2-1388-4293-b2d7-10a280a3cb69\", \"stackTrace\": [\"  File \\\"/var/task/app.py\\\", line 31, in lambda_handler\\n    orders, conversion, traderData = trader.run(trading_state)\\n\", \"  File \\\"/var/task/trader.py\\\", line 158, in run\\n    logger.flush(state, result, conversions, traderData)\\n\"]}",
  "timestamp": 5000
}
{
  "sandboxLog": "{\"errorMessage\": \"name 'traderData' is not defined\", \"errorType\": \"NameError\", \"requestId\": \"d40b61f3-e7e2-4925-a180-d069f94200d3\", \"stackTrace\": [\"  File \\\"/var/task/app.py\\\", line 31, in lambda_handler\\n    orders, conversion, traderData = trader.run(trading_state)\\n\", \"  File \\\"/var/task/trader.py\\\", line 158, in run\\n    logger.flush(state, result, conversions, traderData)\\n\"]}",
  "lambdaLog": "{\"errorMessage\": \"name 'traderData' is not defined\", \"errorType\": \"NameError\", \"requestId\": \"d40b61f3-e7e2-4925-a180-d069f94200d3\", \"stackTrace\": [\"  File \\\"/var/task/app.py\\\", line 31, in lambda_handler\\n    orders, conversion, traderData = trader.run(trading_state)\\n\", \"  File \\\"/var/task/trader.py\\\", line 158, in run\\n    logger.flush(state, result, conversions, traderData)\\n\"]}",
  "timestamp": 5100
}
{
  "sandboxLog": "{\"errorMessage\": \"name 'traderData' is not defined\", \"errorType\": \"NameError\", \"requestId\": \"bbc98f92-b0b7-4aec-9954-621f520b8564\", \"stackTrace\": [\"  File \\\"/var/task/app.py\\\", line 31, in lambda_handler\\n    orders, conversion, traderData = trader.run(trading_state)\\n\", \"  File \\\"/var/task/trader.py\\\", line 158, in run\\n    logger.flush(state, result, conversions, traderData)\\n\"]}",
  "lambdaLog": "{\"errorMessage\": \"name 'traderData' is not defined\", \"errorType\": \"NameError\", \"requestId\": \"bbc98f92-b0b7-4aec-9954-621f520b8564\", \"stackTrace\": [\"  File \\\"/var/task/app.py\\\", line 31, in lambda_handler\\n    orders, conversion, traderData = trader.run(trading_state)\\n\", \"  File \\\"/var/task/trader.py\\\", line 158, in run\\n    logger.flush(state, result, conversions, traderData)\\n\"]}",
  "timestamp": 5200
}
{
  "sandboxLog": "{\"errorMessage\": \"name 'traderData' is not defined\", \"errorType\": \"NameError\", \"requestId\": \"77d45e72-001f-4467-b81a-c25f798396a2\", \"stackTrace\": [\"  File \\\"/var/task/app.py\\\", line 31, in lambda_handler\\n    orders, conversion, traderData = trader.run(trading_state)\\n\", \"  File \\\"/var/task/trader.py\\\", line 158, in run\\n    logger.flush(state, result, conversions, traderData)\\n\"]}",
  "lambdaLog": "{\"errorMessage\": \"name 'traderData' is not defined\", \"errorType\": \"NameError\", \"requestId\": \"77d45e72-001f-4467-b81a-c25f798396a2\", \"stackTrace\": [\"  File \\\"/var/task/app.py\\\", line 31, in lambda_handler\\n    orders, conversion, traderData = trader.run(trading_state)\\n\", \"  File \\\"/var/task/trader.py\\\", line 158, in run\\n    logger.flush(state, result, conversions, traderData)\\n\"]}",
  "timestamp": 5300
}
{
  "sandboxLog": "{\"errorMessage\": \"name 'traderData' is not defined\", \"errorType\": \"NameError\", \"requestId\": \"1f4d8ea7-18d7-4662-b391-d79efe856081\", \"stackTrace\": [\"  File \\\"/var/task/app.py\\\", line 31, in lambda_handler\\n    orders, conversion, traderData = trader.run(trading_state)\\n\", \"  File \\\"/var/task/trader.py\\\", line 158, in run\\n    logger.flush(state, result, conversions, traderData)\\n\"]}",
  "lambdaLog": "{\"errorMessage\": \"name 'traderData' is not defined\", \"errorType\": \"NameError\", \"requestId\": \"1f4d8ea7-18d7-4662-b391-d79efe856081\", \"stackTrace\": [\"  File \\\"/var/task/app.py\\\", line 31, in lambda_handler\\n    orders, conversion, traderData = trader.run(trading_state)\\n\", \"  File \\\"/var/task/trader.py\\\", line 158, in run\\n    logger.flush(state, result, conversions, traderData)\\n\"]}",
  "timestamp": 5400
}
{
  "sandboxLog": "{\"errorMessage\": \"name 'traderData' is not defined\", \"errorType\": \"NameError\", \"requestId\": \"6c259803-86d7-4688-841d-66326f462bcb\", \"stackTrace\": [\"  File \\\"/var/task/app.py\\\", line 31, in lambda_handler\\n    orders, conversion, traderData = trader.run(trading_state)\\n\", \"  File \\\"/var/task/trader.py\\\", line 158, in run\\n    logger.flush(state, result, conversions, traderData)\\n\"]}",
  "lambdaLog": "{\"errorMessage\": \"name 'traderData' is not defined\", \"errorType\": \"NameError\", \"requestId\": \"6c259803-86d7-4688-841d-66326f462bcb\", \"stackTrace\": [\"  File \\\"/var/task/app.py\\\", line 31, in lambda_handler\\n    orders, conversion, traderData = trader.run(trading_state)\\n\", \"  File \\\"/var/task/trader.py\\\", line 158, in run\\n    logger.flush(state, result, conversions, traderData)\\n\"]}",
  "timestamp": 5500
}
{
  "sandboxLog": "{\"errorMessage\": \"name 'traderData' is not defined\", \"errorType\": \"NameError\", \"requestId\": \"94e44841-6ed9-4d21-bfd1-8315eb406595\", \"stackTrace\": [\"  File \\\"/var/task/app.py\\\", line 31, in lambda_handler\\n    orders, conversion, traderData = trader.run(trading_state)\\n\", \"  File \\\"/var/task/trader.py\\\", line 158, in run\\n    logger.flush(state, result, conversions, traderData)\\n\"]}",
  "lambdaLog": "{\"errorMessage\": \"name 'traderData' is not defined\", \"errorType\": \"NameError\", \"requestId\": \"94e44841-6ed9-4d21-bfd1-8315eb406595\", \"stackTrace\": [\"  File \\\"/var/task/app.py\\\", line 31, in lambda_handler\\n    orders, conversion, traderData = trader.run(trading_state)\\n\", \"  File \\\"/var/task/trader.py\\\", line 158, in run\\n    logger.flush(state, result, conversions, traderData)\\n\"]}",
  "timestamp": 5600
}
{
  "sandboxLog": "{\"errorMessage\": \"name 'traderData' is not defined\", \"errorType\": \"NameError\", \"requestId\": \"30f30baa-f615-4c00-b110-ce9211625380\", \"stackTrace\": [\"  File \\\"/var/task/app.py\\\", line 31, in lambda_handler\\n    orders, conversion, traderData = trader.run(trading_state)\\n\", \"  File \\\"/var/task/trader.py\\\", line 158, in run\\n    logger.flush(state, result, conversions, traderData)\\n\"]}",
  "lambdaLog": "{\"errorMessage\": \"name 'traderData' is not defined\", \"errorType\": \"NameError\", \"requestId\": \"30f30baa-f615-4c00-b110-ce9211625380\", \"stackTrace\": [\"  File \\\"/var/task/app.py\\\", line 31, in lambda_handler\\n    orders, conversion, traderData = trader.run(trading_state)\\n\", \"  File \\\"/var/task/trader.py\\\", line 158, in run\\n    logger.flush(state, result, conversions, traderData)\\n\"]}",
  "timestamp": 5700
}
{
  "sandboxLog": "{\"errorMessage\": \"name 'traderData' is not defined\", \"errorType\": \"NameError\", \"requestId\": \"71519501-a452-4425-8861-6158d76a5c65\", \"stackTrace\": [\"  File \\\"/var/task/app.py\\\", line 31, in lambda_handler\\n    orders, conversion, traderData = trader.run(trading_state)\\n\", \"  File \\\"/var/task/trader.py\\\", line 158, in run\\n    logger.flush(state, result, conversions, traderData)\\n\"]}",
  "lambdaLog": "{\"errorMessage\": \"name 'traderData' is not defined\", \"errorType\": \"NameError\", \"requestId\": \"71519501-a452-4425-8861-6158d76a5c65\", \"stackTrace\": [\"  File \\\"/var/task/app.py\\\", line 31, in lambda_handler\\n    orders, conversion, traderData = trader.run(trading_state)\\n\", \"  File \\\"/var/task/trader.py\\\", line 158, in run\\n    logger.flush(state, result, conversions, traderData)\\n\"]}",
  "timestamp": 5800
}
{
  "sandboxLog": "{\"errorMessage\": \"name 'traderData' is not defined\", \"errorType\": \"NameError\", \"requestId\": \"aa114deb-4ccf-4829-ba97-8ceab3d1bfe7\", \"stackTrace\": [\"  File \\\"/var/task/app.py\\\", line 31, in lambda_handler\\n    orders, conversion, traderData = trader.run(trading_state)\\n\", \"  File \\\"/var/task/trader.py\\\", line 158, in run\\n    logger.flush(state, result, conversions, traderData)\\n\"]}",
  "lambdaLog": "{\"errorMessage\": \"name 'traderData' is not defined\", \"errorType\": \"NameError\", \"requestId\": \"aa114deb-4ccf-4829-ba97-8ceab3d1bfe7\", \"stackTrace\": [\"  File \\\"/var/task/app.py\\\", line 31, in lambda_handler\\n    orders, conversion, traderData = trader.run(trading_state)\\n\", \"  File \\\"/var/task/trader.py\\\", line 158, in run\\n    logger.flush(state, result, conversions, traderData)\\n\"]}",
  "timestamp": 5900
}
{
  "sandboxLog": "{\"errorMessage\": \"name 'traderData' is not defined\", \"errorType\": \"NameError\", \"requestId\": \"0b10a0f0-ec60-47ee-bd5d-792a9289a65a\", \"stackTrace\": [\"  File \\\"/var/task/app.py\\\", line 31, in lambda_handler\\n    orders, conversion, traderData = trader.run(trading_state)\\n\", \"  File \\\"/var/task/trader.py\\\", line 158, in run\\n    logger.flush(state, result, conversions, traderData)\\n\"]}",
  "lambdaLog": "{\"errorMessage\": \"name 'traderData' is not defined\", \"errorType\": \"NameError\", \"requestId\": \"0b10a0f0-ec60-47ee-bd5d-792a9289a65a\", \"stackTrace\": [\"  File \\\"/var/task/app.py\\\", line 31, in lambda_handler\\n    orders, conversion, traderData = trader.run(trading_state)\\n\", \"  File \\\"/var/task/trader.py\\\", line 158, in run\\n    logger.flush(state, result, conversions, traderData)\\n\"]}",
  "timestamp": 6000
}
{
  "sandboxLog": "{\"errorMessage\": \"name 'traderData' is not defined\", \"errorType\": \"NameError\", \"requestId\": \"fb6a9441-b2b6-41e9-aecb-149352a7c013\", \"stackTrace\": [\"  File \\\"/var/task/app.py\\\", line 31, in lambda_handler\\n    orders, conversion, traderData = trader.run(trading_state)\\n\", \"  File \\\"/var/task/trader.py\\\", line 158, in run\\n    logger.flush(state, result, conversions, traderData)\\n\"]}",
  "lambdaLog": "{\"errorMessage\": \"name 'traderData' is not defined\", \"errorType\": \"NameError\", \"requestId\": \"fb6a9441-b2b6-41e9-aecb-149352a7c013\", \"stackTrace\": [\"  File \\\"/var/task/app.py\\\", line 31, in lambda_handler\\n    orders, conversion, traderData = trader.run(trading_state)\\n\", \"  File \\\"/var/task/trader.py\\\", line 158, in run\\n    logger.flush(state, result, conversions, traderData)\\n\"]}",
  "timestamp": 6100
}
{
  "sandboxLog": "{\"errorMessage\": \"name 'traderData' is not defined\", \"errorType\": \"NameError\", \"requestId\": \"6483459d-05c5-4e2c-a4f3-be989be0d67d\", \"stackTrace\": [\"  File \\\"/var/task/app.py\\\", line 31, in lambda_handler\\n    orders, conversion, traderData = trader.run(trading_state)\\n\", \"  File \\\"/var/task/trader.py\\\", line 158, in run\\n    logger.flush(state, result, conversions, traderData)\\n\"]}",
  "lambdaLog": "{\"errorMessage\": \"name 'traderData' is not defined\", \"errorType\": \"NameError\", \"requestId\": \"6483459d-05c5-4e2c-a4f3-be989be0d67d\", \"stackTrace\": [\"  File \\\"/var/task/app.py\\\", line 31, in lambda_handler\\n    orders, conversion, traderData = trader.run(trading_state)\\n\", \"  File \\\"/var/task/trader.py\\\", line 158, in run\\n    logger.flush(state, result, conversions, traderData)\\n\"]}",
  "timestamp": 6200
}
{
  "sandboxLog": "{\"errorMessage\": \"name 'traderData' is not defined\", \"errorType\": \"NameError\", \"requestId\": \"38b610d4-a3e1-4bc2-883b-e00df7d1200c\", \"stackTrace\": [\"  File \\\"/var/task/app.py\\\", line 31, in lambda_handler\\n    orders, conversion, traderData = trader.run(trading_state)\\n\", \"  File \\\"/var/task/trader.py\\\", line 158, in run\\n    logger.flush(state, result, conversions, traderData)\\n\"]}",
  "lambdaLog": "{\"errorMessage\": \"name 'traderData' is not defined\", \"errorType\": \"NameError\", \"requestId\": \"38b610d4-a3e1-4bc2-883b-e00df7d1200c\", \"stackTrace\": [\"  File \\\"/var/task/app.py\\\", line 31, in lambda_handler\\n    orders, conversion, traderData = trader.run(trading_state)\\n\", \"  File \\\"/var/task/trader.py\\\", line 158, in run\\n    logger.flush(state, result, conversions, traderData)\\n\"]}",
  "timestamp": 6300
}
{
  "sandboxLog": "{\"errorMessage\": \"name 'traderData' is not defined\", \"errorType\": \"NameError\", \"requestId\": \"0784fa03-b979-44b1-a397-86e4677444bd\", \"stackTrace\": [\"  File \\\"/var/task/app.py\\\", line 31, in lambda_handler\\n    orders, conversion, traderData = trader.run(trading_state)\\n\", \"  File \\\"/var/task/trader.py\\\", line 158, in run\\n    logger.flush(state, result, conversions, traderData)\\n\"]}",
  "lambdaLog": "{\"errorMessage\": \"name 'traderData' is not defined\", \"errorType\": \"NameError\", \"requestId\": \"0784fa03-b979-44b1-a397-86e4677444bd\", \"stackTrace\": [\"  File \\\"/var/task/app.py\\\", line 31, in lambda_handler\\n    orders, conversion, traderData = trader.run(trading_state)\\n\", \"  File \\\"/var/task/trader.py\\\", line 158, in run\\n    logger.flush(state, result, conversions, traderData)\\n\"]}",
  "timestamp": 6400
}
{
  "sandboxLog": "{\"errorMessage\": \"name 'traderData' is not defined\", \"errorType\": \"NameError\", \"requestId\": \"75f3a1ec-df0c-4b0f-a316-b7196caf8c98\", \"stackTrace\": [\"  File \\\"/var/task/app.py\\\", line 31, in lambda_handler\\n    orders, conversion, traderData = trader.run(trading_state)\\n\", \"  File \\\"/var/task/trader.py\\\", line 158, in run\\n    logger.flush(state, result, conversions, traderData)\\n\"]}",
  "lambdaLog": "{\"errorMessage\": \"name 'traderData' is not defined\", \"errorType\": \"NameError\", \"requestId\": \"75f3a1ec-df0c-4b0f-a316-b7196caf8c98\", \"stackTrace\": [\"  File \\\"/var/task/app.py\\\", line 31, in lambda_handler\\n    orders, conversion, traderData = trader.run(trading_state)\\n\", \"  File \\\"/var/task/trader.py\\\", line 158, in run\\n    logger.flush(state, result, conversions, traderData)\\n\"]}",
  "timestamp": 6500
}
{
  "sandboxLog": "{\"errorMessage\": \"name 'traderData' is not defined\", \"errorType\": \"NameError\", \"requestId\": \"20993ee2-f796-482d-a4f4-facf6ccf845f\", \"stackTrace\": [\"  File \\\"/var/task/app.py\\\", line 31, in lambda_handler\\n    orders, conversion, traderData = trader.run(trading_state)\\n\", \"  File \\\"/var/task/trader.py\\\", line 158, in run\\n    logger.flush(state, result, conversions, traderData)\\n\"]}",
  "lambdaLog": "{\"errorMessage\": \"name 'traderData' is not defined\", \"errorType\": \"NameError\", \"requestId\": \"20993ee2-f796-482d-a4f4-facf6ccf845f\", \"stackTrace\": [\"  File \\\"/var/task/app.py\\\", line 31, in lambda_handler\\n    orders, conversion, traderData = trader.run(trading_state)\\n\", \"  File \\\"/var/task/trader.py\\\", line 158, in run\\n    logger.flush(state, result, conversions, traderData)\\n\"]}",
  "timestamp": 6600
}
{
  "sandboxLog": "{\"errorMessage\": \"name 'traderData' is not defined\", \"errorType\": \"NameError\", \"requestId\": \"c4172fb4-933a-42af-aefe-148bc4da66f0\", \"stackTrace\": [\"  File \\\"/var/task/app.py\\\", line 31, in lambda_handler\\n    orders, conversion, traderData = trader.run(trading_state)\\n\", \"  File \\\"/var/task/trader.py\\\", line 158, in run\\n    logger.flush(state, result, conversions, traderData)\\n\"]}",
  "lambdaLog": "{\"errorMessage\": \"name 'traderData' is not defined\", \"errorType\": \"NameError\", \"requestId\": \"c4172fb4-933a-42af-aefe-148bc4da66f0\", \"stackTrace\": [\"  File \\\"/var/task/app.py\\\", line 31, in lambda_handler\\n    orders, conversion, traderData = trader.run(trading_state)\\n\", \"  File \\\"/var/task/trader.py\\\", line 158, in run\\n    logger.flush(state, result, conversions, traderData)\\n\"]}",
  "timestamp": 6700
}
{
  "sandboxLog": "{\"errorMessage\": \"name 'traderData' is not defined\", \"errorType\": \"NameError\", \"requestId\": \"98bb3600-2db5-45f2-a957-f1992ca888d4\", \"stackTrace\": [\"  File \\\"/var/task/app.py\\\", line 31, in lambda_handler\\n    orders, conversion, traderData = trader.run(trading_state)\\n\", \"  File \\\"/var/task/trader.py\\\", line 158, in run\\n    logger.flush(state, result, conversions, traderData)\\n\"]}",
  "lambdaLog": "{\"errorMessage\": \"name 'traderData' is not defined\", \"errorType\": \"NameError\", \"requestId\": \"98bb3600-2db5-45f2-a957-f1992ca888d4\", \"stackTrace\": [\"  File \\\"/var/task/app.py\\\", line 31, in lambda_handler\\n    orders, conversion, traderData = trader.run(trading_state)\\n\", \"  File \\\"/var/task/trader.py\\\", line 158, in run\\n    logger.flush(state, result, conversions, traderData)\\n\"]}",
  "timestamp": 6800
}
{
  "sandboxLog": "{\"errorMessage\": \"name 'traderData' is not defined\", \"errorType\": \"NameError\", \"requestId\": \"195060fc-7c8c-44eb-9490-4fb08a47b087\", \"stackTrace\": [\"  File \\\"/var/task/app.py\\\", line 31, in lambda_handler\\n    orders, conversion, traderData = trader.run(trading_state)\\n\", \"  File \\\"/var/task/trader.py\\\", line 158, in run\\n    logger.flush(state, result, conversions, traderData)\\n\"]}",
  "lambdaLog": "{\"errorMessage\": \"name 'traderData' is not defined\", \"errorType\": \"NameError\", \"requestId\": \"195060fc-7c8c-44eb-9490-4fb08a47b087\", \"stackTrace\": [\"  File \\\"/var/task/app.py\\\", line 31, in lambda_handler\\n    orders, conversion, traderData = trader.run(trading_state)\\n\", \"  File \\\"/var/task/trader.py\\\", line 158, in run\\n    logger.flush(state, result, conversions, traderData)\\n\"]}",
  "timestamp": 6900
}
{
  "sandboxLog": "{\"errorMessage\": \"name 'traderData' is not defined\", \"errorType\": \"NameError\", \"requestId\": \"c6372e5b-9f08-4e94-8c99-f2cc5a777ca7\", \"stackTrace\": [\"  File \\\"/var/task/app.py\\\", line 31, in lambda_handler\\n    orders, conversion, traderData = trader.run(trading_state)\\n\", \"  File \\\"/var/task/trader.py\\\", line 158, in run\\n    logger.flush(state, result, conversions, traderData)\\n\"]}",
  "lambdaLog": "{\"errorMessage\": \"name 'traderData' is not defined\", \"errorType\": \"NameError\", \"requestId\": \"c6372e5b-9f08-4e94-8c99-f2cc5a777ca7\", \"stackTrace\": [\"  File \\\"/var/task/app.py\\\", line 31, in lambda_handler\\n    orders, conversion, traderData = trader.run(trading_state)\\n\", \"  File \\\"/var/task/trader.py\\\", line 158, in run\\n    logger.flush(state, result, conversions, traderData)\\n\"]}",
  "timestamp": 7000
}
{
  "sandboxLog": "{\"errorMessage\": \"name 'traderData' is not defined\", \"errorType\": \"NameError\", \"requestId\": \"c576faf5-0572-4ae1-8d99-cbeb210c4ea9\", \"stackTrace\": [\"  File \\\"/var/task/app.py\\\", line 31, in lambda_handler\\n    orders, conversion, traderData = trader.run(trading_state)\\n\", \"  File \\\"/var/task/trader.py\\\", line 158, in run\\n    logger.flush(state, result, conversions, traderData)\\n\"]}",
  "lambdaLog": "{\"errorMessage\": \"name 'traderData' is not defined\", \"errorType\": \"NameError\", \"requestId\": \"c576faf5-0572-4ae1-8d99-cbeb210c4ea9\", \"stackTrace\": [\"  File \\\"/var/task/app.py\\\", line 31, in lambda_handler\\n    orders, conversion, traderData = trader.run(trading_state)\\n\", \"  File \\\"/var/task/trader.py\\\", line 158, in run\\n    logger.flush(state, result, conversions, traderData)\\n\"]}",
  "timestamp": 7100
}
{
  "sandboxLog": "{\"errorMessage\": \"name 'traderData' is not defined\", \"errorType\": \"NameError\", \"requestId\": \"63807006-a355-44f6-9569-f2bb98428024\", \"stackTrace\": [\"  File \\\"/var/task/app.py\\\", line 31, in lambda_handler\\n    orders, conversion, traderData = trader.run(trading_state)\\n\", \"  File \\\"/var/task/trader.py\\\", line 158, in run\\n    logger.flush(state, result, conversions, traderData)\\n\"]}",
  "lambdaLog": "{\"errorMessage\": \"name 'traderData' is not defined\", \"errorType\": \"NameError\", \"requestId\": \"63807006-a355-44f6-9569-f2bb98428024\", \"stackTrace\": [\"  File \\\"/var/task/app.py\\\", line 31, in lambda_handler\\n    orders, conversion, traderData = trader.run(trading_state)\\n\", \"  File \\\"/var/task/trader.py\\\", line 158, in run\\n    logger.flush(state, result, conversions, traderData)\\n\"]}",
  "timestamp": 7200
}
{
  "sandboxLog": "{\"errorMessage\": \"name 'traderData' is not defined\", \"errorType\": \"NameError\", \"requestId\": \"2f471c34-7783-4035-965a-a69e62ace8a5\", \"stackTrace\": [\"  File \\\"/var/task/app.py\\\", line 31, in lambda_handler\\n    orders, conversion, traderData = trader.run(trading_state)\\n\", \"  File \\\"/var/task/trader.py\\\", line 158, in run\\n    logger.flush(state, result, conversions, traderData)\\n\"]}",
  "lambdaLog": "{\"errorMessage\": \"name 'traderData' is not defined\", \"errorType\": \"NameError\", \"requestId\": \"2f471c34-7783-4035-965a-a69e62ace8a5\", \"stackTrace\": [\"  File \\\"/var/task/app.py\\\", line 31, in lambda_handler\\n    orders, conversion, traderData = trader.run(trading_state)\\n\", \"  File \\\"/var/task/trader.py\\\", line 158, in run\\n    logger.flush(state, result, conversions, traderData)\\n\"]}",
  "timestamp": 7300
}
{
  "sandboxLog": "{\"errorMessage\": \"name 'traderData' is not defined\", \"errorType\": \"NameError\", \"requestId\": \"c213feca-9a6a-4f5c-95dc-49b8e0f40a0a\", \"stackTrace\": [\"  File \\\"/var/task/app.py\\\", line 31, in lambda_handler\\n    orders, conversion, traderData = trader.run(trading_state)\\n\", \"  File \\\"/var/task/trader.py\\\", line 158, in run\\n    logger.flush(state, result, conversions, traderData)\\n\"]}",
  "lambdaLog": "{\"errorMessage\": \"name 'traderData' is not defined\", \"errorType\": \"NameError\", \"requestId\": \"c213feca-9a6a-4f5c-95dc-49b8e0f40a0a\", \"stackTrace\": [\"  File \\\"/var/task/app.py\\\", line 31, in lambda_handler\\n    orders, conversion, traderData = trader.run(trading_state)\\n\", \"  File \\\"/var/task/trader.py\\\", line 158, in run\\n    logger.flush(state, result, conversions, traderData)\\n\"]}",
  "timestamp": 7400
}
{
  "sandboxLog": "{\"errorMessage\": \"name 'traderData' is not defined\", \"errorType\": \"NameError\", \"requestId\": \"81ae1d68-b58f-4997-8f31-2be0afbc7cca\", \"stackTrace\": [\"  File \\\"/var/task/app.py\\\", line 31, in lambda_handler\\n    orders, conversion, traderData = trader.run(trading_state)\\n\", \"  File \\\"/var/task/trader.py\\\", line 158, in run\\n    logger.flush(state, result, conversions, traderData)\\n\"]}",
  "lambdaLog": "{\"errorMessage\": \"name 'traderData' is not defined\", \"errorType\": \"NameError\", \"requestId\": \"81ae1d68-b58f-4997-8f31-2be0afbc7cca\", \"stackTrace\": [\"  File \\\"/var/task/app.py\\\", line 31, in lambda_handler\\n    orders, conversion, traderData = trader.run(trading_state)\\n\", \"  File \\\"/var/task/trader.py\\\", line 158, in run\\n    logger.flush(state, result, conversions, traderData)\\n\"]}",
  "timestamp": 7500
}
{
  "sandboxLog": "{\"errorMessage\": \"name 'traderData' is not defined\", \"errorType\": \"NameError\", \"requestId\": \"42ca874e-a842-4359-a16d-6c42614797c7\", \"stackTrace\": [\"  File \\\"/var/task/app.py\\\", line 31, in lambda_handler\\n    orders, conversion, traderData = trader.run(trading_state)\\n\", \"  File \\\"/var/task/trader.py\\\", line 158, in run\\n    logger.flush(state, result, conversions, traderData)\\n\"]}",
  "lambdaLog": "{\"errorMessage\": \"name 'traderData' is not defined\", \"errorType\": \"NameError\", \"requestId\": \"42ca874e-a842-4359-a16d-6c42614797c7\", \"stackTrace\": [\"  File \\\"/var/task/app.py\\\", line 31, in lambda_handler\\n    orders, conversion, traderData = trader.run(trading_state)\\n\", \"  File \\\"/var/task/trader.py\\\", line 158, in run\\n    logger.flush(state, result, conversions, traderData)\\n\"]}",
  "timestamp": 7600
}
{
  "sandboxLog": "{\"errorMessage\": \"name 'traderData' is not defined\", \"errorType\": \"NameError\", \"requestId\": \"135558a6-d99d-409f-9700-067ff8f41a74\", \"stackTrace\": [\"  File \\\"/var/task/app.py\\\", line 31, in lambda_handler\\n    orders, conversion, traderData = trader.run(trading_state)\\n\", \"  File \\\"/var/task/trader.py\\\", line 158, in run\\n    logger.flush(state, result, conversions, traderData)\\n\"]}",
  "lambdaLog": "{\"errorMessage\": \"name 'traderData' is not defined\", \"errorType\": \"NameError\", \"requestId\": \"135558a6-d99d-409f-9700-067ff8f41a74\", \"stackTrace\": [\"  File \\\"/var/task/app.py\\\", line 31, in lambda_handler\\n    orders, conversion, traderData = trader.run(trading_state)\\n\", \"  File \\\"/var/task/trader.py\\\", line 158, in run\\n    logger.flush(state, result, conversions, traderData)\\n\"]}",
  "timestamp": 7700
}
{
  "sandboxLog": "{\"errorMessage\": \"name 'traderData' is not defined\", \"errorType\": \"NameError\", \"requestId\": \"8ddaea1f-3e43-4546-8d8a-01313519894f\", \"stackTrace\": [\"  File \\\"/var/task/app.py\\\", line 31, in lambda_handler\\n    orders, conversion, traderData = trader.run(trading_state)\\n\", \"  File \\\"/var/task/trader.py\\\", line 158, in run\\n    logger.flush(state, result, conversions, traderData)\\n\"]}",
  "lambdaLog": "{\"errorMessage\": \"name 'traderData' is not defined\", \"errorType\": \"NameError\", \"requestId\": \"8ddaea1f-3e43-4546-8d8a-01313519894f\", \"stackTrace\": [\"  File \\\"/var/task/app.py\\\", line 31, in lambda_handler\\n    orders, conversion, traderData = trader.run(trading_state)\\n\", \"  File \\\"/var/task/trader.py\\\", line 158, in run\\n    logger.flush(state, result, conversions, traderData)\\n\"]}",
  "timestamp": 7800
}
{
  "sandboxLog": "{\"errorMessage\": \"name 'traderData' is not defined\", \"errorType\": \"NameError\", \"requestId\": \"63dd5309-ba9d-42eb-aad2-bb47ad29c61c\", \"stackTrace\": [\"  File \\\"/var/task/app.py\\\", line 31, in lambda_handler\\n    orders, conversion, traderData = trader.run(trading_state)\\n\", \"  File \\\"/var/task/trader.py\\\", line 158, in run\\n    logger.flush(state, result, conversions, traderData)\\n\"]}",
  "lambdaLog": "{\"errorMessage\": \"name 'traderData' is not defined\", \"errorType\": \"NameError\", \"requestId\": \"63dd5309-ba9d-42eb-aad2-bb47ad29c61c\", \"stackTrace\": [\"  File \\\"/var/task/app.py\\\", line 31, in lambda_handler\\n    orders, conversion, traderData = trader.run(trading_state)\\n\", \"  File \\\"/var/task/trader.py\\\", line 158, in run\\n    logger.flush(state, result, conversions, traderData)\\n\"]}",
  "timestamp": 7900
}
{
  "sandboxLog": "{\"errorMessage\": \"name 'traderData' is not defined\", \"errorType\": \"NameError\", \"requestId\": \"1472ca31-992c-4669-9457-884c377d5c84\", \"stackTrace\": [\"  File \\\"/var/task/app.py\\\", line 31, in lambda_handler\\n    orders, conversion, traderData = trader.run(trading_state)\\n\", \"  File \\\"/var/task/trader.py\\\", line 158, in run\\n    logger.flush(state, result, conversions, traderData)\\n\"]}",
  "lambdaLog": "{\"errorMessage\": \"name 'traderData' is not defined\", \"errorType\": \"NameError\", \"requestId\": \"1472ca31-992c-4669-9457-884c377d5c84\", \"stackTrace\": [\"  File \\\"/var/task/app.py\\\", line 31, in lambda_handler\\n    orders, conversion, traderData = trader.run(trading_state)\\n\", \"  File \\\"/var/task/trader.py\\\", line 158, in run\\n    logger.flush(state, result, conversions, traderData)\\n\"]}",
  "timestamp": 8000
}
{
  "sandboxLog": "{\"errorMessage\": \"name 'traderData' is not defined\", \"errorType\": \"NameError\", \"requestId\": \"bd0d47ed-043e-4e23-8077-224f6c73ff60\", \"stackTrace\": [\"  File \\\"/var/task/app.py\\\", line 31, in lambda_handler\\n    orders, conversion, traderData = trader.run(trading_state)\\n\", \"  File \\\"/var/task/trader.py\\\", line 158, in run\\n    logger.flush(state, result, conversions, traderData)\\n\"]}",
  "lambdaLog": "{\"errorMessage\": \"name 'traderData' is not defined\", \"errorType\": \"NameError\", \"requestId\": \"bd0d47ed-043e-4e23-8077-224f6c73ff60\", \"stackTrace\": [\"  File \\\"/var/task/app.py\\\", line 31, in lambda_handler\\n    orders, conversion, traderData = trader.run(trading_state)\\n\", \"  File \\\"/var/task/trader.py\\\", line 158, in run\\n    logger.flush(state, result, conversions, traderData)\\n\"]}",
  "timestamp": 8100
}
{
  "sandboxLog": "{\"errorMessage\": \"name 'traderData' is not defined\", \"errorType\": \"NameError\", \"requestId\": \"768fd47e-d145-49bb-b1d2-458ecc1d2d62\", \"stackTrace\": [\"  File \\\"/var/task/app.py\\\", line 31, in lambda_handler\\n    orders, conversion, traderData = trader.run(trading_state)\\n\", \"  File \\\"/var/task/trader.py\\\", line 158, in run\\n    logger.flush(state, result, conversions, traderData)\\n\"]}",
  "lambdaLog": "{\"errorMessage\": \"name 'traderData' is not defined\", \"errorType\": \"NameError\", \"requestId\": \"768fd47e-d145-49bb-b1d2-458ecc1d2d62\", \"stackTrace\": [\"  File \\\"/var/task/app.py\\\", line 31, in lambda_handler\\n    orders, conversion, traderData = trader.run(trading_state)\\n\", \"  File \\\"/var/task/trader.py\\\", line 158, in run\\n    logger.flush(state, result, conversions, traderData)\\n\"]}",
  "timestamp": 8200
}
{
  "sandboxLog": "{\"errorMessage\": \"name 'traderData' is not defined\", \"errorType\": \"NameError\", \"requestId\": \"fa60b2ce-e4e2-4b11-bc79-11bbcb314c41\", \"stackTrace\": [\"  File \\\"/var/task/app.py\\\", line 31, in lambda_handler\\n    orders, conversion, traderData = trader.run(trading_state)\\n\", \"  File \\\"/var/task/trader.py\\\", line 158, in run\\n    logger.flush(state, result, conversions, traderData)\\n\"]}",
  "lambdaLog": "{\"errorMessage\": \"name 'traderData' is not defined\", \"errorType\": \"NameError\", \"requestId\": \"fa60b2ce-e4e2-4b11-bc79-11bbcb314c41\", \"stackTrace\": [\"  File \\\"/var/task/app.py\\\", line 31, in lambda_handler\\n    orders, conversion, traderData = trader.run(trading_state)\\n\", \"  File \\\"/var/task/trader.py\\\", line 158, in run\\n    logger.flush(state, result, conversions, traderData)\\n\"]}",
  "timestamp": 8300
}
{
  "sandboxLog": "{\"errorMessage\": \"name 'traderData' is not defined\", \"errorType\": \"NameError\", \"requestId\": \"99f98e03-9a0f-49ae-8185-85173b9f72ea\", \"stackTrace\": [\"  File \\\"/var/task/app.py\\\", line 31, in lambda_handler\\n    orders, conversion, traderData = trader.run(trading_state)\\n\", \"  File \\\"/var/task/trader.py\\\", line 158, in run\\n    logger.flush(state, result, conversions, traderData)\\n\"]}",
  "lambdaLog": "{\"errorMessage\": \"name 'traderData' is not defined\", \"errorType\": \"NameError\", \"requestId\": \"99f98e03-9a0f-49ae-8185-85173b9f72ea\", \"stackTrace\": [\"  File \\\"/var/task/app.py\\\", line 31, in lambda_handler\\n    orders, conversion, traderData = trader.run(trading_state)\\n\", \"  File \\\"/var/task/trader.py\\\", line 158, in run\\n    logger.flush(state, result, conversions, traderData)\\n\"]}",
  "timestamp": 8400
}
{
  "sandboxLog": "{\"errorMessage\": \"name 'traderData' is not defined\", \"errorType\": \"NameError\", \"requestId\": \"8fe374d5-a141-4e98-aa13-40d50a8b3ab5\", \"stackTrace\": [\"  File \\\"/var/task/app.py\\\", line 31, in lambda_handler\\n    orders, conversion, traderData = trader.run(trading_state)\\n\", \"  File \\\"/var/task/trader.py\\\", line 158, in run\\n    logger.flush(state, result, conversions, traderData)\\n\"]}",
  "lambdaLog": "{\"errorMessage\": \"name 'traderData' is not defined\", \"errorType\": \"NameError\", \"requestId\": \"8fe374d5-a141-4e98-aa13-40d50a8b3ab5\", \"stackTrace\": [\"  File \\\"/var/task/app.py\\\", line 31, in lambda_handler\\n    orders, conversion, traderData = trader.run(trading_state)\\n\", \"  File \\\"/var/task/trader.py\\\", line 158, in run\\n    logger.flush(state, result, conversions, traderData)\\n\"]}",
  "timestamp": 8500
}
{
  "sandboxLog": "{\"errorMessage\": \"name 'traderData' is not defined\", \"errorType\": \"NameError\", \"requestId\": \"a3dcc92f-aeed-42a7-8f81-43dec58e4dad\", \"stackTrace\": [\"  File \\\"/var/task/app.py\\\", line 31, in lambda_handler\\n    orders, conversion, traderData = trader.run(trading_state)\\n\", \"  File \\\"/var/task/trader.py\\\", line 158, in run\\n    logger.flush(state, result, conversions, traderData)\\n\"]}",
  "lambdaLog": "{\"errorMessage\": \"name 'traderData' is not defined\", \"errorType\": \"NameError\", \"requestId\": \"a3dcc92f-aeed-42a7-8f81-43dec58e4dad\", \"stackTrace\": [\"  File \\\"/var/task/app.py\\\", line 31, in lambda_handler\\n    orders, conversion, traderData = trader.run(trading_state)\\n\", \"  File \\\"/var/task/trader.py\\\", line 158, in run\\n    logger.flush(state, result, conversions, traderData)\\n\"]}",
  "timestamp": 8600
}
{
  "sandboxLog": "{\"errorMessage\": \"name 'traderData' is not defined\", \"errorType\": \"NameError\", \"requestId\": \"50cdad52-fc0a-4432-a7ac-055b06d25bf5\", \"stackTrace\": [\"  File \\\"/var/task/app.py\\\", line 31, in lambda_handler\\n    orders, conversion, traderData = trader.run(trading_state)\\n\", \"  File \\\"/var/task/trader.py\\\", line 158, in run\\n    logger.flush(state, result, conversions, traderData)\\n\"]}",
  "lambdaLog": "{\"errorMessage\": \"name 'traderData' is not defined\", \"errorType\": \"NameError\", \"requestId\": \"50cdad52-fc0a-4432-a7ac-055b06d25bf5\", \"stackTrace\": [\"  File \\\"/var/task/app.py\\\", line 31, in lambda_handler\\n    orders, conversion, traderData = trader.run(trading_state)\\n\", \"  File \\\"/var/task/trader.py\\\", line 158, in run\\n    logger.flush(state, result, conversions, traderData)\\n\"]}",
  "timestamp": 8700
}
{
  "sandboxLog": "{\"errorMessage\": \"name 'traderData' is not defined\", \"errorType\": \"NameError\", \"requestId\": \"91371fdb-1192-46d2-b968-651f1432436b\", \"stackTrace\": [\"  File \\\"/var/task/app.py\\\", line 31, in lambda_handler\\n    orders, conversion, traderData = trader.run(trading_state)\\n\", \"  File \\\"/var/task/trader.py\\\", line 158, in run\\n    logger.flush(state, result, conversions, traderData)\\n\"]}",
  "lambdaLog": "{\"errorMessage\": \"name 'traderData' is not defined\", \"errorType\": \"NameError\", \"requestId\": \"91371fdb-1192-46d2-b968-651f1432436b\", \"stackTrace\": [\"  File \\\"/var/task/app.py\\\", line 31, in lambda_handler\\n    orders, conversion, traderData = trader.run(trading_state)\\n\", \"  File \\\"/var/task/trader.py\\\", line 158, in run\\n    logger.flush(state, result, conversions, traderData)\\n\"]}",
  "timestamp": 8800
}
{
  "sandboxLog": "{\"errorMessage\": \"name 'traderData' is not defined\", \"errorType\": \"NameError\", \"requestId\": \"9b3e21a2-4269-44f5-9220-f46de7649cf0\", \"stackTrace\": [\"  File \\\"/var/task/app.py\\\", line 31, in lambda_handler\\n    orders, conversion, traderData = trader.run(trading_state)\\n\", \"  File \\\"/var/task/trader.py\\\", line 158, in run\\n    logger.flush(state, result, conversions, traderData)\\n\"]}",
  "lambdaLog": "{\"errorMessage\": \"name 'traderData' is not defined\", \"errorType\": \"NameError\", \"requestId\": \"9b3e21a2-4269-44f5-9220-f46de7649cf0\", \"stackTrace\": [\"  File \\\"/var/task/app.py\\\", line 31, in lambda_handler\\n    orders, conversion, traderData = trader.run(trading_state)\\n\", \"  File \\\"/var/task/trader.py\\\", line 158, in run\\n    logger.flush(state, result, conversions, traderData)\\n\"]}",
  "timestamp": 8900
}
{
  "sandboxLog": "{\"errorMessage\": \"name 'traderData' is not defined\", \"errorType\": \"NameError\", \"requestId\": \"fcc17ec9-9d46-4f25-810d-053ab9399b67\", \"stackTrace\": [\"  File \\\"/var/task/app.py\\\", line 31, in lambda_handler\\n    orders, conversion, traderData = trader.run(trading_state)\\n\", \"  File \\\"/var/task/trader.py\\\", line 158, in run\\n    logger.flush(state, result, conversions, traderData)\\n\"]}",
  "lambdaLog": "{\"errorMessage\": \"name 'traderData' is not defined\", \"errorType\": \"NameError\", \"requestId\": \"fcc17ec9-9d46-4f25-810d-053ab9399b67\", \"stackTrace\": [\"  File \\\"/var/task/app.py\\\", line 31, in lambda_handler\\n    orders, conversion, traderData = trader.run(trading_state)\\n\", \"  File \\\"/var/task/trader.py\\\", line 158, in run\\n    logger.flush(state, result, conversions, traderData)\\n\"]}",
  "timestamp": 9000
}
{
  "sandboxLog": "{\"errorMessage\": \"name 'traderData' is not defined\", \"errorType\": \"NameError\", \"requestId\": \"8de1752b-4a6c-4d61-80e8-5a935d3d15e9\", \"stackTrace\": [\"  File \\\"/var/task/app.py\\\", line 31, in lambda_handler\\n    orders, conversion, traderData = trader.run(trading_state)\\n\", \"  File \\\"/var/task/trader.py\\\", line 158, in run\\n    logger.flush(state, result, conversions, traderData)\\n\"]}",
  "lambdaLog": "{\"errorMessage\": \"name 'traderData' is not defined\", \"errorType\": \"NameError\", \"requestId\": \"8de1752b-4a6c-4d61-80e8-5a935d3d15e9\", \"stackTrace\": [\"  File \\\"/var/task/app.py\\\", line 31, in lambda_handler\\n    orders, conversion, traderData = trader.run(trading_state)\\n\", \"  File \\\"/var/task/trader.py\\\", line 158, in run\\n    logger.flush(state, result, conversions, traderData)\\n\"]}",
  "timestamp": 9100
}
{
  "sandboxLog": "{\"errorMessage\": \"name 'traderData' is not defined\", \"errorType\": \"NameError\", \"requestId\": \"d2269767-f082-49eb-88b8-1d24ec4d0fd4\", \"stackTrace\": [\"  File \\\"/var/task/app.py\\\", line 31, in lambda_handler\\n    orders, conversion, traderData = trader.run(trading_state)\\n\", \"  File \\\"/var/task/trader.py\\\", line 158, in run\\n    logger.flush(state, result, conversions, traderData)\\n\"]}",
  "lambdaLog": "{\"errorMessage\": \"name 'traderData' is not defined\", \"errorType\": \"NameError\", \"requestId\": \"d2269767-f082-49eb-88b8-1d24ec4d0fd4\", \"stackTrace\": [\"  File \\\"/var/task/app.py\\\", line 31, in lambda_handler\\n    orders, conversion, traderData = trader.run(trading_state)\\n\", \"  File \\\"/var/task/trader.py\\\", line 158, in run\\n    logger.flush(state, result, conversions, traderData)\\n\"]}",
  "timestamp": 9200
}
{
  "sandboxLog": "{\"errorMessage\": \"name 'traderData' is not defined\", \"errorType\": \"NameError\", \"requestId\": \"47a9a212-76c2-43e3-9c57-f9e495fc6f09\", \"stackTrace\": [\"  File \\\"/var/task/app.py\\\", line 31, in lambda_handler\\n    orders, conversion, traderData = trader.run(trading_state)\\n\", \"  File \\\"/var/task/trader.py\\\", line 158, in run\\n    logger.flush(state, result, conversions, traderData)\\n\"]}",
  "lambdaLog": "{\"errorMessage\": \"name 'traderData' is not defined\", \"errorType\": \"NameError\", \"requestId\": \"47a9a212-76c2-43e3-9c57-f9e495fc6f09\", \"stackTrace\": [\"  File \\\"/var/task/app.py\\\", line 31, in lambda_handler\\n    orders, conversion, traderData = trader.run(trading_state)\\n\", \"  File \\\"/var/task/trader.py\\\", line 158, in run\\n    logger.flush(state, result, conversions, traderData)\\n\"]}",
  "timestamp": 9300
}
{
  "sandboxLog": "{\"errorMessage\": \"name 'traderData' is not defined\", \"errorType\": \"NameError\", \"requestId\": \"918734f3-b2d0-41e9-a1c5-cec26d7ae999\", \"stackTrace\": [\"  File \\\"/var/task/app.py\\\", line 31, in lambda_handler\\n    orders, conversion, traderData = trader.run(trading_state)\\n\", \"  File \\\"/var/task/trader.py\\\", line 158, in run\\n    logger.flush(state, result, conversions, traderData)\\n\"]}",
  "lambdaLog": "{\"errorMessage\": \"name 'traderData' is not defined\", \"errorType\": \"NameError\", \"requestId\": \"918734f3-b2d0-41e9-a1c5-cec26d7ae999\", \"stackTrace\": [\"  File \\\"/var/task/app.py\\\", line 31, in lambda_handler\\n    orders, conversion, traderData = trader.run(trading_state)\\n\", \"  File \\\"/var/task/trader.py\\\", line 158, in run\\n    logger.flush(state, result, conversions, traderData)\\n\"]}",
  "timestamp": 9400
}
{
  "sandboxLog": "{\"errorMessage\": \"name 'traderData' is not defined\", \"errorType\": \"NameError\", \"requestId\": \"b5706a8b-ae59-46fc-96e5-3366d34456ce\", \"stackTrace\": [\"  File \\\"/var/task/app.py\\\", line 31, in lambda_handler\\n    orders, conversion, traderData = trader.run(trading_state)\\n\", \"  File \\\"/var/task/trader.py\\\", line 158, in run\\n    logger.flush(state, result, conversions, traderData)\\n\"]}",
  "lambdaLog": "{\"errorMessage\": \"name 'traderData' is not defined\", \"errorType\": \"NameError\", \"requestId\": \"b5706a8b-ae59-46fc-96e5-3366d34456ce\", \"stackTrace\": [\"  File \\\"/var/task/app.py\\\", line 31, in lambda_handler\\n    orders, conversion, traderData = trader.run(trading_state)\\n\", \"  File \\\"/var/task/trader.py\\\", line 158, in run\\n    logger.flush(state, result, conversions, traderData)\\n\"]}",
  "timestamp": 9500
}
{
  "sandboxLog": "{\"errorMessage\": \"name 'traderData' is not defined\", \"errorType\": \"NameError\", \"requestId\": \"b1047495-f43b-4aae-8b6d-38b6e25cbef6\", \"stackTrace\": [\"  File \\\"/var/task/app.py\\\", line 31, in lambda_handler\\n    orders, conversion, traderData = trader.run(trading_state)\\n\", \"  File \\\"/var/task/trader.py\\\", line 158, in run\\n    logger.flush(state, result, conversions, traderData)\\n\"]}",
  "lambdaLog": "{\"errorMessage\": \"name 'traderData' is not defined\", \"errorType\": \"NameError\", \"requestId\": \"b1047495-f43b-4aae-8b6d-38b6e25cbef6\", \"stackTrace\": [\"  File \\\"/var/task/app.py\\\", line 31, in lambda_handler\\n    orders, conversion, traderData = trader.run(trading_state)\\n\", \"  File \\\"/var/task/trader.py\\\", line 158, in run\\n    logger.flush(state, result, conversions, traderData)\\n\"]}",
  "timestamp": 9600
}
{
  "sandboxLog": "{\"errorMessage\": \"name 'traderData' is not defined\", \"errorType\": \"NameError\", \"requestId\": \"cf11f267-74e2-4305-b195-ffeb362c80b8\", \"stackTrace\": [\"  File \\\"/var/task/app.py\\\", line 31, in lambda_handler\\n    orders, conversion, traderData = trader.run(trading_state)\\n\", \"  File \\\"/var/task/trader.py\\\", line 158, in run\\n    logger.flush(state, result, conversions, traderData)\\n\"]}",
  "lambdaLog": "{\"errorMessage\": \"name 'traderData' is not defined\", \"errorType\": \"NameError\", \"requestId\": \"cf11f267-74e2-4305-b195-ffeb362c80b8\", \"stackTrace\": [\"  File \\\"/var/task/app.py\\\", line 31, in lambda_handler\\n    orders, conversion, traderData = trader.run(trading_state)\\n\", \"  File \\\"/var/task/trader.py\\\", line 158, in run\\n    logger.flush(state, result, conversions, traderData)\\n\"]}",
  "timestamp": 9700
}
{
  "sandboxLog": "{\"errorMessage\": \"name 'traderData' is not defined\", \"errorType\": \"NameError\", \"requestId\": \"07f29ef8-b101-4005-872a-a38c25d073c5\", \"stackTrace\": [\"  File \\\"/var/task/app.py\\\", line 31, in lambda_handler\\n    orders, conversion, traderData = trader.run(trading_state)\\n\", \"  File \\\"/var/task/trader.py\\\", line 158, in run\\n    logger.flush(state, result, conversions, traderData)\\n\"]}",
  "lambdaLog": "{\"errorMessage\": \"name 'traderData' is not defined\", \"errorType\": \"NameError\", \"requestId\": \"07f29ef8-b101-4005-872a-a38c25d073c5\", \"stackTrace\": [\"  File \\\"/var/task/app.py\\\", line 31, in lambda_handler\\n    orders, conversion, traderData = trader.run(trading_state)\\n\", \"  File \\\"/var/task/trader.py\\\", line 158, in run\\n    logger.flush(state, result, conversions, traderData)\\n\"]}",
  "timestamp": 9800
}
{
  "sandboxLog": "{\"errorMessage\": \"name 'traderData' is not defined\", \"errorType\": \"NameError\", \"requestId\": \"81006e72-d0e4-4f04-826d-382d3f26e5a7\", \"stackTrace\": [\"  File \\\"/var/task/app.py\\\", line 31, in lambda_handler\\n    orders, conversion, traderData = trader.run(trading_state)\\n\", \"  File \\\"/var/task/trader.py\\\", line 158, in run\\n    logger.flush(state, result, conversions, traderData)\\n\"]}",
  "lambdaLog": "{\"errorMessage\": \"name 'traderData' is not defined\", \"errorType\": \"NameError\", \"requestId\": \"81006e72-d0e4-4f04-826d-382d3f26e5a7\", \"stackTrace\": [\"  File \\\"/var/task/app.py\\\", line 31, in lambda_handler\\n    orders, conversion, traderData = trader.run(trading_state)\\n\", \"  File \\\"/var/task/trader.py\\\", line 158, in run\\n    logger.flush(state, result, conversions, traderData)\\n\"]}",
  "timestamp": 9900
}
{
  "sandboxLog": "{\"errorMessage\": \"name 'traderData' is not defined\", \"errorType\": \"NameError\", \"requestId\": \"f65e6b90-97e0-4017-873d-c2e4ff5986d2\", \"stackTrace\": [\"  File \\\"/var/task/app.py\\\", line 31, in lambda_handler\\n    orders, conversion, traderData = trader.run(trading_state)\\n\", \"  File \\\"/var/task/trader.py\\\", line 158, in run\\n    logger.flush(state, result, conversions, traderData)\\n\"]}",
  "lambdaLog": "{\"errorMessage\": \"name 'traderData' is not defined\", \"errorType\": \"NameError\", \"requestId\": \"f65e6b90-97e0-4017-873d-c2e4ff5986d2\", \"stackTrace\": [\"  File \\\"/var/task/app.py\\\", line 31, in lambda_handler\\n    orders, conversion, traderData = trader.run(trading_state)\\n\", \"  File \\\"/var/task/trader.py\\\", line 158, in run\\n    logger.flush(state, result, conversions, traderData)\\n\"]}",
  "timestamp": 10000
}
{
  "sandboxLog": "Lambda errors have reached maximum value for submission 53f49f8f-89b9-4b95-ba6b-6bd5dfa1a568",
  "lambdaLog": null,
  "timestamp": 83033
}



Activities log:
day;timestamp;product;bid_price_1;bid_volume_1;bid_price_2;bid_volume_2;bid_price_3;bid_volume_3;ask_price_1;ask_volume_1;ask_price_2;ask_volume_2;ask_price_3;ask_volume_3;mid_price;profit_and_loss




Trade History:
null